============================= test session starts ==============================
platform darwin -- Python 3.14.3, pytest-9.0.2, pluggy-1.6.0 -- /opt/homebrew/opt/python@3.14/bin/python3.14
cachedir: .pytest_cache
rootdir: /Users/sss/.openclaw/workspace/memory-market
configfile: pyproject.toml
plugins: anyio-4.12.1, cov-7.1.0, asyncio-1.3.0
asyncio: mode=Mode.AUTO, debug=False, asyncio_default_fixture_loop_scope=None, asyncio_default_test_loop_scope=function
collecting ... collected 621 items

tests/test_advanced_permissions.py::TestConditionEvaluator::test_string_equals PASSED [  0%]
tests/test_advanced_permissions.py::TestConditionEvaluator::test_string_not_equals PASSED [  0%]
tests/test_advanced_permissions.py::TestConditionEvaluator::test_string_equals_ignore_case PASSED [  0%]
tests/test_advanced_permissions.py::TestConditionEvaluator::test_string_like PASSED [  0%]
tests/test_advanced_permissions.py::TestConditionEvaluator::test_string_contains PASSED [  0%]
tests/test_advanced_permissions.py::TestConditionEvaluator::test_numeric_equals PASSED [  0%]
tests/test_advanced_permissions.py::TestConditionEvaluator::test_numeric_greater_than PASSED [  1%]
tests/test_advanced_permissions.py::TestConditionEvaluator::test_numeric_less_than PASSED [  1%]
tests/test_advanced_permissions.py::TestConditionEvaluator::test_ip_address PASSED [  1%]
tests/test_advanced_permissions.py::TestConditionEvaluator::test_not_ip_address PASSED [  1%]
tests/test_advanced_permissions.py::TestConditionEvaluator::test_bool PASSED [  1%]
tests/test_advanced_permissions.py::TestConditionEvaluator::test_null PASSED [  1%]
tests/test_advanced_permissions.py::TestConditionEvaluator::test_date_greater_than PASSED [  2%]
tests/test_advanced_permissions.py::TestConditionEvaluator::test_multiple_conditions PASSED [  2%]
tests/test_advanced_permissions.py::TestConditionEvaluator::test_arn_like PASSED [  2%]
tests/test_advanced_permissions.py::TestConditionEvaluator::test_empty_condition PASSED [  2%]
tests/test_advanced_permissions.py::TestPolicyEvaluator::test_allow_policy PASSED [  2%]
tests/test_advanced_permissions.py::TestPolicyEvaluator::test_deny_policy PASSED [  2%]
tests/test_advanced_permissions.py::TestPolicyEvaluator::test_deny_overrides_allow PASSED [  3%]
tests/test_advanced_permissions.py::TestPolicyEvaluator::test_implicit_deny PASSED [  3%]
tests/test_advanced_permissions.py::TestPolicyEvaluator::test_action_wildcard PASSED [  3%]
tests/test_advanced_permissions.py::TestPolicyEvaluator::test_not_action PASSED [  3%]
tests/test_advanced_permissions.py::TestPolicyEvaluator::test_not_resource PASSED [  3%]
tests/test_advanced_permissions.py::TestPolicyEvaluator::test_conditional_policy PASSED [  3%]
tests/test_advanced_permissions.py::TestPolicyService::test_create_policy ERROR [  4%]
tests/test_advanced_permissions.py::TestPolicyService::test_create_policy_invalid_document ERROR [  4%]
tests/test_advanced_permissions.py::TestPolicyService::test_get_policy ERROR [  4%]
tests/test_advanced_permissions.py::TestPolicyService::test_list_policies ERROR [  4%]
tests/test_advanced_permissions.py::TestPolicyService::test_update_policy ERROR [  4%]
tests/test_advanced_permissions.py::TestPolicyService::test_delete_policy ERROR [  4%]
tests/test_advanced_permissions.py::TestPolicyService::test_delete_system_policy ERROR [  4%]
tests/test_advanced_permissions.py::TestPolicyService::test_attach_and_detach_policy ERROR [  5%]
tests/test_advanced_permissions.py::TestPolicyService::test_version_management ERROR [  5%]
tests/test_advanced_permissions.py::TestPolicyService::test_check_permission_with_policy ERROR [  5%]
tests/test_advanced_permissions.py::TestPolicyService::test_conditional_policy_check ERROR [  5%]
tests/test_advanced_permissions.py::TestPolicyService::test_deny_overrides_allow_in_service ERROR [  5%]
tests/test_advanced_permissions.py::TestRBACService::test_get_effective_permissions ERROR [  5%]
tests/test_advanced_permissions.py::TestRBACService::test_deny_priority ERROR [  6%]
tests/test_advanced_permissions.py::TestRBACService::test_role_hierarchy ERROR [  6%]
tests/test_advanced_permissions.py::TestRBACService::test_condition_evaluation ERROR [  6%]
tests/test_advanced_permissions.py::TestAuditService::test_log_and_query ERROR [  6%]
tests/test_advanced_permissions.py::TestAuditService::test_generate_report ERROR [  6%]
tests/test_advanced_permissions.py::TestAuditService::test_log_permission_change ERROR [  6%]
tests/test_advanced_permissions.py::TestPolicyVersionCleanup::test_version_cleanup ERROR [  7%]
tests/test_advanced_permissions.py::TestIntegration::test_full_policy_lifecycle ERROR [  7%]
tests/test_advanced_permissions.py::TestIntegration::test_policy_with_resource_permissions ERROR [  7%]
tests/test_advanced_permissions_standalone.py::TestConditionEvaluator::test_string_equals PASSED [  7%]
tests/test_advanced_permissions_standalone.py::TestConditionEvaluator::test_string_not_equals PASSED [  7%]
tests/test_advanced_permissions_standalone.py::TestConditionEvaluator::test_string_equals_ignore_case PASSED [  7%]
tests/test_advanced_permissions_standalone.py::TestConditionEvaluator::test_string_like PASSED [  8%]
tests/test_advanced_permissions_standalone.py::TestConditionEvaluator::test_string_not_like PASSED [  8%]
tests/test_advanced_permissions_standalone.py::TestConditionEvaluator::test_string_contains PASSED [  8%]
tests/test_advanced_permissions_standalone.py::TestConditionEvaluator::test_numeric_equals PASSED [  8%]
tests/test_advanced_permissions_standalone.py::TestConditionEvaluator::test_numeric_not_equals PASSED [  8%]
tests/test_advanced_permissions_standalone.py::TestConditionEvaluator::test_numeric_greater_than PASSED [  8%]
tests/test_advanced_permissions_standalone.py::TestConditionEvaluator::test_numeric_greater_than_or_equal PASSED [  9%]
tests/test_advanced_permissions_standalone.py::TestConditionEvaluator::test_numeric_less_than PASSED [  9%]
tests/test_advanced_permissions_standalone.py::TestConditionEvaluator::test_numeric_less_than_or_equal PASSED [  9%]
tests/test_advanced_permissions_standalone.py::TestConditionEvaluator::test_ip_address PASSED [  9%]
tests/test_advanced_permissions_standalone.py::TestConditionEvaluator::test_not_ip_address PASSED [  9%]
tests/test_advanced_permissions_standalone.py::TestConditionEvaluator::test_bool PASSED [  9%]
tests/test_advanced_permissions_standalone.py::TestConditionEvaluator::test_null PASSED [  9%]
tests/test_advanced_permissions_standalone.py::TestConditionEvaluator::test_date_greater_than PASSED [ 10%]
tests/test_advanced_permissions_standalone.py::TestConditionEvaluator::test_date_less_than PASSED [ 10%]
tests/test_advanced_permissions_standalone.py::TestConditionEvaluator::test_multiple_conditions_and_logic PASSED [ 10%]
tests/test_advanced_permissions_standalone.py::TestConditionEvaluator::test_arn_like PASSED [ 10%]
tests/test_advanced_permissions_standalone.py::TestConditionEvaluator::test_arn_not_like PASSED [ 10%]
tests/test_advanced_permissions_standalone.py::TestConditionEvaluator::test_empty_condition PASSED [ 10%]
tests/test_advanced_permissions_standalone.py::TestConditionEvaluator::test_missing_key_in_context PASSED [ 11%]
tests/test_advanced_permissions_standalone.py::TestPolicyEvaluator::test_allow_policy PASSED [ 11%]
tests/test_advanced_permissions_standalone.py::TestPolicyEvaluator::test_deny_policy PASSED [ 11%]
tests/test_advanced_permissions_standalone.py::TestPolicyEvaluator::test_deny_overrides_allow PASSED [ 11%]
tests/test_advanced_permissions_standalone.py::TestPolicyEvaluator::test_implicit_deny PASSED [ 11%]
tests/test_advanced_permissions_standalone.py::TestPolicyEvaluator::test_action_wildcard PASSED [ 11%]
tests/test_advanced_permissions_standalone.py::TestPolicyEvaluator::test_not_action PASSED [ 12%]
tests/test_advanced_permissions_standalone.py::TestPolicyEvaluator::test_not_resource PASSED [ 12%]
tests/test_advanced_permissions_standalone.py::TestPolicyEvaluator::test_conditional_policy PASSED [ 12%]
tests/test_advanced_permissions_standalone.py::TestPolicyEvaluator::test_multiple_statements PASSED [ 12%]
tests/test_advanced_permissions_standalone.py::TestPolicyEvaluator::test_no_matching_action PASSED [ 12%]
tests/test_advanced_permissions_standalone.py::TestPolicyEvaluator::test_no_matching_resource PASSED [ 12%]
tests/test_advanced_permissions_standalone.py::TestPolicyEvaluator::test_empty_statement PASSED [ 13%]
tests/test_advanced_permissions_standalone.py::TestPolicyEvaluator::test_complex_scenario PASSED [ 13%]
tests/test_anomaly_detection.py::test_remote_login_rule ERROR            [ 13%]
tests/test_anomaly_detection.py::test_frequent_failed_login_rule ERROR   [ 13%]
tests/test_anomaly_detection.py::test_large_amount_transaction_rule ERROR [ 13%]
tests/test_anomaly_detection.py::test_sensitive_word_query_rule ERROR    [ 13%]
tests/test_anomaly_detection.py::test_rule_factory PASSED                [ 14%]
tests/test_anomaly_detection.py::test_anomaly_detection_service_check_event ERROR [ 14%]
tests/test_anomaly_detection.py::test_anomaly_detection_service_create_events ERROR [ 14%]
tests/test_anomaly_detection.py::test_anomaly_detection_service_confirm_anomaly ERROR [ 14%]
tests/test_anomaly_detection.py::test_anomaly_detection_service_get_stats ERROR [ 14%]
tests/test_anomaly_detection.py::test_alerting_service_create_alerts ERROR [ 14%]
tests/test_anomaly_detection.py::test_alerting_service_acknowledge_alert ERROR [ 14%]
tests/test_anomaly_detection.py::test_alerting_service_get_stats ERROR   [ 15%]
tests/test_anomaly_detection.py::test_end_to_end_anomaly_detection ERROR [ 15%]
tests/test_anomaly_detection.py::test_accuracy_calculation ERROR         [ 15%]
tests/test_anomaly_detection.py::test_anomaly_type_coverage[login] ERROR [ 15%]
tests/test_anomaly_detection.py::test_anomaly_type_coverage[transaction] ERROR [ 15%]
tests/test_anomaly_detection.py::test_anomaly_type_coverage[query] ERROR [ 15%]
tests/test_anomaly_detection.py::test_anomaly_type_coverage[behavior] ERROR [ 16%]
tests/test_anomaly_detection.py::test_anomaly_type_coverage[system] ERROR [ 16%]
tests/test_api.py::test_register_agent FAILED                            [ 16%]
tests/test_api.py::test_get_my_info FAILED                               [ 16%]
tests/test_api.py::test_get_my_info_unauthorized FAILED                  [ 16%]
tests/test_api.py::test_upload_memory FAILED                             [ 16%]
tests/test_api.py::test_upload_memory_unauthorized FAILED                [ 17%]
tests/test_api.py::test_search_memories PASSED                           [ 17%]
tests/test_api.py::test_search_memories_with_filters PASSED              [ 17%]
tests/test_api.py::test_get_memory_detail FAILED                         [ 17%]
tests/test_api.py::test_get_memory_detail_not_found FAILED               [ 17%]
tests/test_api.py::test_purchase_memory PASSED                           [ 17%]
tests/test_api.py::test_purchase_own_memory PASSED                       [ 18%]
tests/test_api.py::test_purchase_memory_unauthorized FAILED              [ 18%]
tests/test_api.py::test_rate_memory FAILED                               [ 18%]
tests/test_api.py::test_rate_memory_without_purchase FAILED              [ 18%]
tests/test_api.py::test_verify_memory PASSED                             [ 18%]
tests/test_api.py::test_verify_own_memory PASSED                         [ 18%]
tests/test_api.py::test_update_memory FAILED                             [ 19%]
tests/test_api.py::test_update_memory_unauthorized PASSED                [ 19%]
tests/test_api.py::test_get_my_memories PASSED                           [ 19%]
tests/test_api.py::test_get_credit_history PASSED                        [ 19%]
tests/test_api.py::test_get_market_trends PASSED                         [ 19%]
tests/test_api.py::test_capture_experience FAILED                        [ 19%]
tests/test_api.py::test_batch_capture_experience FAILED                  [ 19%]
tests/test_api.py::test_invalid_search_type PASSED                       [ 20%]
tests/test_api.py::test_semantic_search FAILED                           [ 20%]
tests/test_api.py::test_hybrid_search FAILED                             [ 20%]
tests/test_api.py::test_get_memory_versions FAILED                       [ 20%]
tests/test_audit_logs.py::test_sanitizer_password_masking PASSED         [ 20%]
tests/test_audit_logs.py::test_sanitizer_api_key_masking PASSED          [ 20%]
tests/test_audit_logs.py::test_sanitizer_credit_card PASSED              [ 21%]
tests/test_audit_logs.py::test_sanitizer_email PASSED                    [ 21%]
tests/test_audit_logs.py::test_sanitizer_json_body PASSED                [ 21%]
tests/test_audit_logs.py::test_global_sanitize_functions PASSED          [ 21%]
tests/test_audit_logs.py::test_create_audit_log ERROR                    [ 21%]
tests/test_audit_logs.py::test_audit_log_filtering ERROR                 [ 21%]
tests/test_audit_logs.py::test_export_service_count_records ERROR        [ 22%]
tests/test_audit_logs.py::test_export_create_export_task ERROR           [ 22%]
tests/test_audit_logs.py::test_export_csv ERROR                          [ 22%]
tests/test_audit_logs.py::test_retention_cleanup ERROR                   [ 22%]
tests/test_audit_logs.py::test_retention_stats ERROR                     [ 22%]
tests/test_audit_logs.py::test_action_type_mapping PASSED                [ 22%]
tests/test_audit_logs.py::test_category_mapping PASSED                   [ 23%]
tests/test_auto_forget.py::test_auto_forget_service_initialization PASSED [ 23%]
tests/test_auto_forget.py::test_forget_scheduler_initialization PASSED   [ 23%]
tests/test_auto_forget.py::test_check_expired_memories FAILED            [ 23%]
tests/test_auto_forget.py::test_expire_memories FAILED                   [ 23%]
tests/test_auto_forget.py::test_check_expired_facts FAILED               [ 23%]
tests/test_auto_forget.py::test_expire_facts FAILED                      [ 23%]
tests/test_auto_forget.py::test_override_fact FAILED                     [ 24%]
tests/test_auto_forget.py::test_set_memory_ttl FAILED                    [ 24%]
tests/test_auto_forget.py::test_auto_expire_memories FAILED              [ 24%]
tests/test_auto_forget.py::test_get_stats FAILED                         [ 24%]
tests/test_auto_forget.py::test_forget_scheduler_manual_trigger PASSED   [ 24%]
tests/test_auto_forget.py::test_ttl_config PASSED                        [ 24%]
tests/test_auto_forget.py::test_filter_expired_memories PASSED           [ 25%]
tests/test_digital_signature.py::TestDigitalSignatureService::test_generate_key_pair PASSED [ 25%]
tests/test_digital_signature.py::TestDigitalSignatureService::test_sign_and_verify PASSED [ 25%]
tests/test_digital_signature.py::TestDigitalSignatureService::test_verify_with_tampered_data PASSED [ 25%]
tests/test_digital_signature.py::TestDigitalSignatureService::test_verify_with_wrong_key PASSED [ 25%]
tests/test_digital_signature.py::TestDigitalSignatureService::test_canonicalization_consistency PASSED [ 25%]
tests/test_digital_signature.py::TestDigitalSignatureService::test_performance_signing FAILED [ 26%]
tests/test_digital_signature.py::TestDigitalSignatureService::test_performance_verification PASSED [ 26%]
tests/test_digital_signature.py::TestKeyManagementService::test_generate_and_store_key_pair PASSED [ 26%]
tests/test_digital_signature.py::TestKeyManagementService::test_get_current_key_pair PASSED [ 26%]
tests/test_digital_signature.py::TestKeyManagementService::test_rotate_key FAILED [ 26%]
tests/test_digital_signature.py::TestKeyManagementService::test_get_key_info PASSED [ 26%]
tests/test_digital_signature.py::TestAuditSignatureMiddleware::test_sign_audit_log ERROR [ 27%]
tests/test_digital_signature.py::TestAuditSignatureMiddleware::test_verify_audit_log ERROR [ 27%]
tests/test_digital_signature.py::TestAuditSignatureMiddleware::test_detect_tampering ERROR [ 27%]
tests/test_digital_signature.py::TestAuditSignatureMiddleware::test_multiple_logs_signature_coverage ERROR [ 27%]
tests/test_digital_signature.py::TestEndToEndSigningWorkflow::test_complete_signing_workflow ERROR [ 27%]
tests/test_digital_signature.py::TestCompliance::test_signature_algorithm_info PASSED [ 27%]
tests/test_digital_signature.py::TestCompliance::test_key_security_features PASSED [ 28%]
tests/test_digital_signature_quick_async.py::test_signature_service PASSED [ 28%]
tests/test_digital_signature_quick_async.py::test_key_management PASSED  [ 28%]
tests/test_digital_signature_quick_async.py::test_signature_middleware PASSED [ 28%]
tests/test_digital_signature_quick_async.py::test_end_to_end_workflow PASSED [ 28%]
tests/test_evaluation.py::TestMetrics::test_accuracy_perfect PASSED      [ 28%]
tests/test_evaluation.py::TestMetrics::test_accuracy_partial PASSED      [ 28%]
tests/test_evaluation.py::TestMetrics::test_accuracy_empty PASSED        [ 29%]
tests/test_evaluation.py::TestMetrics::test_accuracy_no_overlap PASSED   [ 29%]
tests/test_evaluation.py::TestMetrics::test_precision PASSED             [ 29%]
tests/test_evaluation.py::TestMetrics::test_precision_empty_predicted PASSED [ 29%]
tests/test_evaluation.py::TestMetrics::test_recall PASSED                [ 29%]
tests/test_evaluation.py::TestMetrics::test_recall_empty_expected PASSED [ 29%]
tests/test_evaluation.py::TestMetrics::test_f1_score PASSED              [ 30%]
tests/test_evaluation.py::TestMetrics::test_f1_no_overlap PASSED         [ 30%]
tests/test_evaluation.py::TestMetrics::test_mrr_first PASSED             [ 30%]
tests/test_evaluation.py::TestMetrics::test_mrr_second PASSED            [ 30%]
tests/test_evaluation.py::TestMetrics::test_mrr_not_found PASSED         [ 30%]
tests/test_evaluation.py::TestMetrics::test_mrr_with_k PASSED            [ 30%]
tests/test_evaluation.py::TestMetrics::test_ndcg_perfect PASSED          [ 31%]
tests/test_evaluation.py::TestMetrics::test_ndcg_worst PASSED            [ 31%]
tests/test_evaluation.py::TestMetrics::test_ndcg_partial PASSED          [ 31%]
tests/test_evaluation.py::TestMetrics::test_evaluate_retrieval PASSED    [ 31%]
tests/test_evaluation.py::TestMetrics::test_aggregate_results PASSED     [ 31%]
tests/test_evaluation.py::TestDatasets::test_create_dataset PASSED       [ 31%]
tests/test_evaluation.py::TestDatasets::test_add_case PASSED             [ 32%]
tests/test_evaluation.py::TestDatasets::test_list_datasets PASSED        [ 32%]
tests/test_evaluation.py::TestDatasets::test_delete_dataset PASSED       [ 32%]
tests/test_evaluation.py::TestDatasets::test_dataset_filter_by_category PASSED [ 32%]
tests/test_evaluation.py::TestDatasets::test_dataset_filter_by_tags PASSED [ 32%]
tests/test_evaluation.py::TestDatasets::test_to_dict_roundtrip PASSED    [ 32%]
tests/test_evaluation.py::TestDatasets::test_generate_from_memories PASSED [ 33%]
tests/test_evaluation.py::TestDatasets::test_generate_synthetic PASSED   [ 33%]
tests/test_evaluation.py::TestRunner::test_run_evaluation PASSED         [ 33%]
tests/test_evaluation.py::TestRunner::test_run_with_failure FAILED       [ 33%]
tests/test_evaluation.py::TestRunner::test_compare_results PASSED        [ 33%]
tests/test_evaluation.py::TestReport::test_markdown_report PASSED        [ 33%]
tests/test_evaluation.py::TestReport::test_json_report PASSED            [ 33%]
tests/test_evaluation.py::TestReport::test_html_report PASSED            [ 34%]
tests/test_evaluation.py::TestReport::test_compare_markdown PASSED       [ 34%]
tests/test_evaluation.py::TestIntegration::test_full_pipeline PASSED     [ 34%]
tests/test_external_sources.py::TestDataModels::test_document_to_dict PASSED [ 34%]
tests/test_external_sources.py::TestDataModels::test_document_from_dict PASSED [ 34%]
tests/test_external_sources.py::TestDataModels::test_file_to_dict PASSED [ 34%]
tests/test_external_sources.py::TestDataModels::test_source_connection_to_dict_hides_secrets PASSED [ 35%]
tests/test_external_sources.py::TestLocalFolderAdapter::test_initialize PASSED [ 35%]
tests/test_external_sources.py::TestLocalFolderAdapter::test_initialize_nonexistent PASSED [ 35%]
tests/test_external_sources.py::TestLocalFolderAdapter::test_connect PASSED [ 35%]
tests/test_external_sources.py::TestLocalFolderAdapter::test_list_files PASSED [ 35%]
tests/test_external_sources.py::TestLocalFolderAdapter::test_list_files_with_query PASSED [ 35%]
tests/test_external_sources.py::TestLocalFolderAdapter::test_get_file PASSED [ 36%]
tests/test_external_sources.py::TestLocalFolderAdapter::test_get_file_not_found PASSED [ 36%]
tests/test_external_sources.py::TestLocalFolderAdapter::test_download_file PASSED [ 36%]
tests/test_external_sources.py::TestLocalFolderAdapter::test_list_documents PASSED [ 36%]
tests/test_external_sources.py::TestLocalFolderAdapter::test_get_document_with_content PASSED [ 36%]
tests/test_external_sources.py::TestLocalFolderAdapter::test_search PASSED [ 36%]
tests/test_external_sources.py::TestLocalFolderAdapter::test_detect_changes PASSED [ 37%]
tests/test_external_sources.py::TestLocalFolderAdapter::test_disconnect PASSED [ 37%]
tests/test_external_sources.py::TestExternalSourceService::test_register_adapter PASSED [ 37%]
tests/test_external_sources.py::TestExternalSourceService::test_connect_and_disconnect PASSED [ 37%]
tests/test_external_sources.py::TestExternalSourceService::test_disconnect_nonexistent PASSED [ 37%]
tests/test_external_sources.py::TestExternalSourceService::test_sync_source PASSED [ 37%]
tests/test_external_sources.py::TestExternalSourceService::test_list_sources PASSED [ 38%]
tests/test_external_sources.py::TestExternalSourceService::test_list_files PASSED [ 38%]
tests/test_external_sources.py::TestExternalSourceService::test_search_all_sources PASSED [ 38%]
tests/test_external_sources.py::TestExternalSourceService::test_unsupported_source_type PASSED [ 38%]
tests/test_external_sources.py::TestDocumentProcessor::test_process_text PASSED [ 38%]
tests/test_external_sources.py::TestDocumentProcessor::test_process_json PASSED [ 38%]
tests/test_external_sources.py::TestDocumentProcessor::test_process_code_python PASSED [ 38%]
tests/test_external_sources.py::TestDocumentProcessor::test_chunk_text PASSED [ 39%]
tests/test_external_sources.py::TestDocumentProcessor::test_process_image_without_pil PASSED [ 39%]
tests/test_external_sources.py::TestWebhookService::test_webhook_event_to_dict PASSED [ 39%]
tests/test_external_sources.py::TestWebhookService::test_webhook_stats PASSED [ 39%]
tests/test_external_sources.py::TestExternalSearchEngine::test_calculate_score_title_match PASSED [ 39%]
tests/test_external_sources.py::TestExternalSearchEngine::test_calculate_score_no_match PASSED [ 39%]
tests/test_external_sources.py::TestExternalSearchEngine::test_cache PASSED [ 40%]
tests/test_external_sources.py::TestExternalSearchEngine::test_clear_cache PASSED [ 40%]
tests/test_external_sources.py::TestExternalSearchEngine::test_cache_stats PASSED [ 40%]
tests/test_external_sources.py::TestAdapterRegistration::test_register_all_adapters FAILED [ 40%]
tests/test_external_sources.py::TestExternalSourcesAPI::test_list_sources_empty PASSED [ 40%]
tests/test_external_sources.py::TestExternalSourcesAPI::test_connect_invalid_source_type FAILED [ 40%]
tests/test_external_sources.py::TestExternalSourcesAPI::test_disconnect_nonexistent PASSED [ 41%]
tests/test_in_memory.py::TestMemoryIndex::test_build_index PASSED        [ 41%]
tests/test_in_memory.py::TestMemoryIndex::test_build_index_with_vectors PASSED [ 41%]
tests/test_in_memory.py::TestMemoryIndex::test_keyword_search PASSED     [ 41%]
tests/test_in_memory.py::TestMemoryIndex::test_category_filter PASSED    [ 41%]
tests/test_in_memory.py::TestMemoryIndex::test_tag_filter PASSED         [ 41%]
tests/test_in_memory.py::TestMemoryIndex::test_add_memory PASSED         [ 42%]
tests/test_in_memory.py::TestMemoryIndex::test_update_memory PASSED      [ 42%]
tests/test_in_memory.py::TestMemoryIndex::test_remove_memory PASSED      [ 42%]
tests/test_in_memory.py::TestMemoryIndex::test_persist_and_load PASSED   [ 42%]
tests/test_in_memory.py::TestMemoryIndex::test_clear PASSED              [ 42%]
tests/test_in_memory.py::TestInMemoryVectorEngine::test_cosine_search PASSED [ 42%]
tests/test_in_memory.py::TestInMemoryVectorEngine::test_euclidean_search PASSED [ 42%]
tests/test_in_memory.py::TestInMemoryVectorEngine::test_batch_search PASSED [ 43%]
tests/test_in_memory.py::TestInMemoryVectorEngine::test_filter_ids FAILED [ 43%]
tests/test_in_memory.py::TestInMemoryVectorEngine::test_min_score PASSED [ 43%]
tests/test_in_memory.py::TestInMemoryVectorEngine::test_empty_index PASSED [ 43%]
tests/test_in_memory.py::TestInMemoryVectorEngine::test_stats PASSED     [ 43%]
tests/test_in_memory.py::TestInMemoryHybridEngine::test_full_search PASSED [ 43%]
tests/test_in_memory.py::TestInMemoryHybridEngine::test_vector_only_search PASSED [ 44%]
tests/test_in_memory.py::TestInMemoryHybridEngine::test_keyword_only_search PASSED [ 44%]
tests/test_in_memory.py::TestInMemoryHybridEngine::test_category_filter PASSED [ 44%]
tests/test_in_memory.py::TestInMemoryHybridEngine::test_tag_filter PASSED [ 44%]
tests/test_in_memory.py::TestInMemoryHybridEngine::test_expired_filter PASSED [ 44%]
tests/test_in_memory.py::TestInMemoryHybridEngine::test_pagination PASSED [ 44%]
tests/test_in_memory.py::TestInMemoryHybridEngine::test_sort_by_time PASSED [ 45%]
tests/test_in_memory.py::TestInMemoryHybridEngine::test_sort_by_popularity PASSED [ 45%]
tests/test_in_memory.py::TestInMemoryHybridEngine::test_rerank FAILED    [ 45%]
tests/test_in_memory.py::TestInMemoryHybridEngine::test_empty_result PASSED [ 45%]
tests/test_in_memory.py::TestInMemoryHybridEngine::test_stats PASSED     [ 45%]
tests/test_in_memory.py::TestPerformance::test_index_build_performance PASSED [ 45%]
tests/test_in_memory.py::TestPerformance::test_vector_search_performance PASSED [ 46%]
tests/test_in_memory.py::TestPerformance::test_keyword_search_performance PASSED [ 46%]
tests/test_in_memory.py::TestPerformance::test_persist_performance PASSED [ 46%]
tests/test_in_memory.py::TestPerformance::test_load_performance PASSED   [ 46%]
tests/test_mcp_server.py::TestMCPServerProtocol::test_tool_count_is_34 PASSED [ 46%]
tests/test_mcp_server.py::TestMCPServerProtocol::test_all_categories_present PASSED [ 46%]
tests/test_mcp_server.py::TestMCPServerProtocol::test_category_counts PASSED [ 47%]
tests/test_mcp_server.py::TestMCPServerProtocol::test_list_tools_returns_34_names PASSED [ 47%]
tests/test_mcp_server.py::TestMCPServerProtocol::test_fastmcp_instance_exists PASSED [ 47%]
tests/test_mcp_server.py::TestMCPServerProtocol::test_config_json_valid PASSED [ 47%]
tests/test_mcp_server.py::TestMCPServerProtocol::test_config_json_tool_categories_sum PASSED [ 47%]
tests/test_mcp_server.py::TestMemoryTools::test_search_memories_success PASSED [ 47%]
tests/test_mcp_server.py::TestMemoryTools::test_search_memories_with_filters PASSED [ 47%]
tests/test_mcp_server.py::TestMemoryTools::test_search_memories_error PASSED [ 48%]
tests/test_mcp_server.py::TestMemoryTools::test_get_balance PASSED       [ 48%]
tests/test_mcp_server.py::TestMemoryTools::test_upload_memory PASSED     [ 48%]
tests/test_mcp_server.py::TestMemoryTools::test_purchase_memory_success PASSED [ 48%]
tests/test_mcp_server.py::TestMemoryTools::test_rate_memory PASSED       [ 48%]
tests/test_mcp_server.py::TestMemoryTools::test_verify_memory PASSED     [ 48%]
tests/test_mcp_server.py::TestTeamTools::test_create_team PASSED         [ 49%]
tests/test_mcp_server.py::TestTeamTools::test_get_team PASSED            [ 49%]
tests/test_mcp_server.py::TestTeamTools::test_invite_member PASSED       [ 49%]
tests/test_mcp_server.py::TestTeamTools::test_add_team_credits PASSED    [ 49%]
tests/test_mcp_server.py::TestTeamTools::test_transfer_credits PASSED    [ 49%]
tests/test_mcp_server.py::TestTeamTools::test_log_activity PASSED        [ 49%]
tests/test_mcp_server.py::TestTeamTools::test_delete_team_memory PASSED  [ 50%]
tests/test_mcp_server.py::TestFormatting::test_fmt_search_empty PASSED   [ 50%]
tests/test_mcp_server.py::TestFormatting::test_fmt_search_with_items PASSED [ 50%]
tests/test_mcp_server.py::TestFormatting::test_fmt_content_empty PASSED  [ 50%]
tests/test_mcp_server.py::TestFormatting::test_fmt_content_nested PASSED [ 50%]
tests/test_mcp_server.py::TestFormatting::test_fmt_trends_empty PASSED   [ 50%]
tests/test_mcp_server.py::TestFormatting::test_fmt_trends_with_data PASSED [ 51%]
tests/test_mcp_server.py::TestFormatting::test_fmt_my_memories_empty PASSED [ 51%]
tests/test_mcp_server.py::TestMCPServerWrapper::test_run_stdio PASSED    [ 51%]
tests/test_mcp_server.py::TestMCPServerWrapper::test_run_sse PASSED      [ 51%]
tests/test_mcp_server.py::TestAPIRequest::test_api_request_get PASSED    [ 51%]
tests/test_mcp_server.py::TestAPIRequest::test_api_request_post PASSED   [ 51%]
tests/test_mcp_server.py::TestEnvironmentConfig::test_default_api_base PASSED [ 52%]
tests/test_mcp_server.py::TestEnvironmentConfig::test_custom_api_base PASSED [ 52%]
tests/test_mcp_server.py::TestEnvironmentConfig::test_api_key_from_env PASSED [ 52%]
tests/test_mcp_tools.py::TestTeamMCPTools::test_create_team_success FAILED [ 52%]
tests/test_mcp_tools.py::TestTeamMCPTools::test_create_team_missing_name FAILED [ 52%]
tests/test_mcp_tools.py::TestTeamMCPTools::test_get_team_success FAILED  [ 52%]
tests/test_mcp_tools.py::TestTeamMCPTools::test_get_team_not_found FAILED [ 52%]
tests/test_mcp_tools.py::TestTeamMCPTools::test_update_team_success FAILED [ 53%]
tests/test_mcp_tools.py::TestTeamMCPTools::test_delete_team_success FAILED [ 53%]
tests/test_mcp_tools.py::TestTeamMCPTools::test_list_teams FAILED        [ 53%]
tests/test_mcp_tools.py::TestTeamMCPTools::test_get_team_stats FAILED    [ 53%]
tests/test_mcp_tools.py::TestTeamMCPTools::test_invite_member_success FAILED [ 53%]
tests/test_mcp_tools.py::TestTeamMCPTools::test_join_team_success FAILED [ 53%]
tests/test_mcp_tools.py::TestTeamMCPTools::test_list_members FAILED      [ 54%]
tests/test_mcp_tools.py::TestTeamMCPTools::test_update_member_role FAILED [ 54%]
tests/test_mcp_tools.py::TestTeamMCPTools::test_remove_member FAILED     [ 54%]
tests/test_mcp_tools.py::TestTeamMCPTools::test_create_team_memory FAILED [ 54%]
tests/test_mcp_tools.py::TestTeamMCPTools::test_get_team_memory FAILED   [ 54%]
tests/test_mcp_tools.py::TestTeamMCPTools::test_update_team_memory FAILED [ 54%]
tests/test_mcp_tools.py::TestTeamMCPTools::test_delete_team_memory FAILED [ 55%]
tests/test_mcp_tools.py::TestTeamMCPTools::test_search_team_memories FAILED [ 55%]
tests/test_mcp_tools.py::TestTeamMCPTools::test_list_team_memories FAILED [ 55%]
tests/test_mcp_tools.py::TestTeamMCPTools::test_get_team_credits FAILED  [ 55%]
tests/test_mcp_tools.py::TestTeamMCPTools::test_add_team_credits FAILED  [ 55%]
tests/test_mcp_tools.py::TestTeamMCPTools::test_transfer_credits FAILED  [ 55%]
tests/test_mcp_tools.py::TestTeamMCPTools::test_get_credit_transactions FAILED [ 56%]
tests/test_mcp_tools.py::TestTeamMCPTools::test_get_team_activities FAILED [ 56%]
tests/test_mcp_tools.py::TestTeamMCPTools::test_log_activity FAILED      [ 56%]
tests/test_mcp_tools.py::TestTeamMCPTools::test_get_team_insights FAILED [ 56%]
tests/test_mcp_tools.py::TestMCPToolRegistration::test_register_all_tools PASSED [ 56%]
tests/test_mcp_tools.py::TestMCPToolRegistration::test_tool_metadata PASSED [ 56%]
tests/test_mcp_tools_simple.py::TestMCPToolRegistration::test_register_all_tools PASSED [ 57%]
tests/test_mcp_tools_simple.py::TestMCPToolRegistration::test_tool_metadata PASSED [ 57%]
tests/test_mcp_tools_simple.py::TestMCPToolRegistration::test_tool_handlers_are_callable PASSED [ 57%]
tests/test_mcp_tools_simple.py::TestMCPToolRegistration::test_tool_descriptions_are_present PASSED [ 57%]
tests/test_mcp_tools_simple.py::TestMCPToolRegistration::test_tool_required_parameters_are_valid PASSED [ 57%]
tests/test_mcp_tools_simple.py::TestMCPToolRegistration::test_team_management_tools_count PASSED [ 57%]
tests/test_mcp_tools_simple.py::TestMCPToolRegistration::test_member_management_tools_count PASSED [ 57%]
tests/test_mcp_tools_simple.py::TestMCPToolRegistration::test_memory_management_tools_count PASSED [ 58%]
tests/test_mcp_tools_simple.py::TestMCPToolRegistration::test_credit_management_tools_count PASSED [ 58%]
tests/test_mcp_tools_simple.py::TestMCPToolRegistration::test_activity_management_tools_count PASSED [ 58%]
tests/test_mcp_tools_simple.py::TestMCPToolRegistration::test_stats_management_tools_count PASSED [ 58%]
tests/test_mcp_tools_simple.py::TestTeamMCPToolsClass::test_initialization PASSED [ 58%]
tests/test_mcp_tools_simple.py::TestTeamMCPToolsClass::test_log_activity_basic PASSED [ 58%]
tests/test_mcp_tools_simple.py::TestToolParameters::test_create_team_parameters PASSED [ 59%]
tests/test_mcp_tools_simple.py::TestToolParameters::test_get_team_parameters PASSED [ 59%]
tests/test_mcp_tools_simple.py::TestToolParameters::test_create_team_memory_parameters PASSED [ 59%]
tests/test_mcp_tools_simple.py::TestToolParameters::test_search_team_memories_parameters PASSED [ 59%]
tests/test_mcp_tools_simple.py::TestToolParameters::test_all_tools_have_description PASSED [ 59%]
tests/test_mcp_tools_simple.py::TestToolCategories::test_team_management_category PASSED [ 59%]
tests/test_mcp_tools_simple.py::TestToolCategories::test_member_management_category FAILED [ 60%]
tests/test_mcp_tools_simple.py::TestToolCategories::test_memory_management_category PASSED [ 60%]
tests/test_mcp_tools_simple.py::TestToolCategories::test_credit_management_category PASSED [ 60%]
tests/test_mcp_tools_simple.py::TestToolIntegration::test_all_tools_registered PASSED [ 60%]
tests/test_mcp_tools_simple.py::TestToolIntegration::test_tools_export_in_init PASSED [ 60%]
tests/test_monitoring.py::TestOpenTelemetrySetup::test_setup_telemetry FAILED [ 60%]
tests/test_monitoring.py::TestOpenTelemetrySetup::test_get_tracer FAILED [ 61%]
tests/test_monitoring.py::TestOpenTelemetrySetup::test_get_meter FAILED  [ 61%]
tests/test_monitoring.py::TestTracing::test_setup_tracing PASSED         [ 61%]
tests/test_monitoring.py::TestTracing::test_get_trace_id FAILED          [ 61%]
tests/test_monitoring.py::TestTracing::test_inject_extract_trace_context PASSED [ 61%]
tests/test_monitoring.py::TestMetrics::test_setup_metrics PASSED         [ 61%]
tests/test_monitoring.py::TestMetrics::test_create_common_metrics FAILED [ 61%]
tests/test_monitoring.py::TestMetrics::test_metric_functions FAILED      [ 62%]
tests/test_monitoring.py::TestLogging::test_setup_logging FAILED         [ 62%]
tests/test_monitoring.py::TestLogging::test_get_logger PASSED            [ 62%]
tests/test_monitoring.py::TestLogging::test_get_logger_with_context PASSED [ 62%]
tests/test_monitoring.py::TestLogging::test_json_formatter FAILED        [ 62%]
tests/test_monitoring.py::TestMonitoringIntegration::test_full_telemetry_flow FAILED [ 62%]
tests/test_monitoring.py::TestMonitoringIntegration::test_trace_context_in_logs FAILED [ 63%]
tests/test_monitoring.py::TestMonitoringIntegration::test_metric_recording_overhead FAILED [ 63%]
tests/test_monitoring.py::TestMonitoringWithServices::test_jaeger_integration SKIPPED [ 63%]
tests/test_monitoring.py::TestMonitoringWithServices::test_prometheus_metrics_export SKIPPED [ 63%]
tests/test_multi_agent.py::TestAgentContext::test_create_context PASSED  [ 63%]
tests/test_multi_agent.py::TestAgentContext::test_dimension_operations PASSED [ 63%]
tests/test_multi_agent.py::TestAgentContext::test_to_dict PASSED         [ 64%]
tests/test_multi_agent.py::TestAgentResult::test_success_result PASSED   [ 64%]
tests/test_multi_agent.py::TestAgentResult::test_failed_result PASSED    [ 64%]
tests/test_multi_agent.py::TestAgentManager::test_register_and_create PASSED [ 64%]
tests/test_multi_agent.py::TestAgentManager::test_unknown_role_raises PASSED [ 64%]
tests/test_multi_agent.py::TestAgentManager::test_list_roles PASSED      [ 64%]
tests/test_multi_agent.py::TestUserInfoAgent::test_extract_user_info PASSED [ 65%]
tests/test_multi_agent.py::TestUserInfoAgent::test_extract_preferences PASSED [ 65%]
tests/test_multi_agent.py::TestUserInfoAgent::test_empty_query PASSED    [ 65%]
tests/test_multi_agent.py::TestTemporalAgent::test_extract_events PASSED [ 65%]
tests/test_multi_agent.py::TestTemporalAgent::test_extract_temporal PASSED [ 65%]
tests/test_multi_agent.py::TestTemporalAgent::test_extract_updates PASSED [ 65%]
tests/test_multi_agent.py::TestGeneralObserver::test_extract_assistant_info PASSED [ 66%]
tests/test_multi_agent.py::TestGeneralObserver::test_data_quality PASSED [ 66%]
tests/test_multi_agent.py::TestDirectFactAgent::test_search_from_context PASSED [ 66%]
tests/test_multi_agent.py::TestDirectFactAgent::test_empty_query FAILED  [ 66%]
tests/test_multi_agent.py::TestContextAgent::test_search_from_context PASSED [ 66%]
tests/test_multi_agent.py::TestTimelineAgent::test_search_from_context PASSED [ 66%]
tests/test_multi_agent.py::TestAggregatorAgent::test_merge_and_rerank PASSED [ 66%]
tests/test_multi_agent.py::TestAggregatorAgent::test_empty_results PASSED [ 67%]
tests/test_multi_agent.py::TestMultiAgentPipeline::test_pipeline_no_db PASSED [ 67%]
tests/test_multi_agent.py::TestMultiAgentPipeline::test_pipeline_with_observations PASSED [ 67%]
tests/test_multi_agent.py::TestMultiAgentPipeline::test_pipeline_fallback PASSED [ 67%]
tests/test_multi_agent.py::TestIntegration::test_full_pipeline_flow PASSED [ 67%]
tests/test_multi_agent.py::TestIntegration::test_concurrent_pipelines FAILED [ 67%]
tests/test_permissions.py::test_has_permission_success ERROR             [ 68%]
tests/test_permissions.py::test_has_permission_deny ERROR                [ 68%]
tests/test_permissions.py::test_has_permission_not_found ERROR           [ 68%]
tests/test_permissions.py::test_grant_permission ERROR                   [ 68%]
tests/test_permissions.py::test_grant_permission_with_scope ERROR        [ 68%]
tests/test_permissions.py::test_revoke_permission ERROR                  [ 68%]
tests/test_permissions.py::test_grant_resource_permission ERROR          [ 69%]
tests/test_permissions.py::test_check_resource_permission ERROR          [ 69%]
tests/test_permissions.py::test_revoke_resource_permission ERROR         [ 69%]
tests/test_permissions.py::test_permission_expiration ERROR              [ 69%]
tests/test_permissions.py::test_get_user_permissions ERROR               [ 69%]
tests/test_permissions.py::test_permission_audit_log ERROR               [ 69%]
tests/test_permissions.py::test_permission_check_performance ERROR       [ 70%]
tests/test_permissions.py::test_permission_scope_check ERROR             [ 70%]
tests/test_permissions.py::test_bulk_permission_operations ERROR         [ 70%]
tests/test_qdrant_client.py::TestQdrantVectorEngine::test_initialization PASSED [ 70%]
tests/test_qdrant_client.py::TestQdrantVectorEngine::test_index_config PASSED [ 70%]
tests/test_qdrant_client.py::TestQdrantVectorEngine::test_create_collection_new FAILED [ 70%]
tests/test_qdrant_client.py::TestQdrantVectorEngine::test_create_collection_exists PASSED [ 71%]
tests/test_qdrant_client.py::TestQdrantVectorEngine::test_create_collection_recreate FAILED [ 71%]
tests/test_qdrant_client.py::TestQdrantVectorEngine::test_health_check_success PASSED [ 71%]
tests/test_qdrant_client.py::TestQdrantVectorEngine::test_health_check_failure PASSED [ 71%]
tests/test_qdrant_client.py::TestQdrantVectorEngine::test_index_memories_empty PASSED [ 71%]
tests/test_qdrant_client.py::TestQdrantVectorEngine::test_index_memories_success FAILED [ 71%]
tests/test_qdrant_client.py::TestQdrantVectorEngine::test_index_memories_batch FAILED [ 71%]
tests/test_qdrant_client.py::TestQdrantVectorEngine::test_search_empty_query FAILED [ 72%]
tests/test_qdrant_client.py::TestQdrantVectorEngine::test_search_success FAILED [ 72%]
tests/test_qdrant_client.py::TestQdrantVectorEngine::test_search_with_filters FAILED [ 72%]
tests/test_qdrant_client.py::TestQdrantVectorEngine::test_delete_memory_success PASSED [ 72%]
tests/test_qdrant_client.py::TestQdrantVectorEngine::test_delete_memory_failure PASSED [ 72%]
tests/test_qdrant_client.py::TestQdrantVectorEngine::test_delete_collection_success PASSED [ 72%]
tests/test_qdrant_client.py::TestQdrantVectorEngine::test_get_collection_info_success PASSED [ 73%]
tests/test_qdrant_client.py::TestQdrantVectorEngine::test_get_collection_info_failure PASSED [ 73%]
tests/test_qdrant_client.py::TestQdrantEngineSingleton::test_get_qdrant_engine_singleton FAILED [ 73%]
tests/test_qdrant_client.py::TestQdrantEngineSingleton::test_get_qdrant_engine_different_params FAILED [ 73%]
tests/test_search_analytics.py::test_search_log_creation ERROR           [ 73%]
tests/test_search_analytics.py::test_search_click_creation ERROR         [ 73%]
tests/test_search_analytics.py::test_search_trends_empty ERROR           [ 74%]
tests/test_search_analytics.py::test_search_trends_with_data ERROR       [ 74%]
tests/test_search_analytics.py::test_search_quality_metrics ERROR        [ 74%]
tests/test_search_analytics.py::test_search_performance_stats ERROR      [ 74%]
tests/test_search_analytics.py::test_zero_results_queries ERROR          [ 74%]
tests/test_search_analytics.py::test_user_search_behavior ERROR          [ 74%]
tests/test_search_analytics.py::test_ab_test_creation ERROR              [ 75%]
tests/test_search_analytics.py::test_ab_test_user_grouping ERROR         [ 75%]
tests/test_search_analytics.py::test_ab_test_group_config ERROR          [ 75%]
tests/test_search_analytics.py::test_ab_test_collect_results ERROR       [ 75%]
tests/test_search_cache.py::test_redis_client_ping FAILED                [ 75%]
tests/test_search_cache.py::test_redis_client_set_get FAILED             [ 75%]
tests/test_search_cache.py::test_redis_client_delete_pattern FAILED      [ 76%]
tests/test_search_cache.py::test_redis_client_stats FAILED               [ 76%]
tests/test_search_cache.py::test_cache_keys_search PASSED                [ 76%]
tests/test_search_cache.py::test_cache_keys_user PASSED                  [ 76%]
tests/test_search_cache.py::test_cache_keys_team PASSED                  [ 76%]
tests/test_search_cache.py::test_cache_keys_memory PASSED                [ 76%]
tests/test_search_cache.py::test_cache_keys_tags PASSED                  [ 76%]
tests/test_search_cache.py::test_cache_hit FAILED                        [ 77%]
tests/test_search_cache.py::test_cache_miss PASSED                       [ 77%]
tests/test_search_cache.py::test_cache_disabled PASSED                   [ 77%]
tests/test_search_cache.py::test_cache_stats FAILED                      [ 77%]
tests/test_search_cache.py::test_clear_cache PASSED                      [ 77%]
tests/test_search_cache.py::test_invalidate_memory FAILED                [ 77%]
tests/test_search_cache.py::test_invalidate_user PASSED                  [ 78%]
tests/test_search_cache.py::test_invalidate_team PASSED                  [ 78%]
tests/test_search_cache.py::test_invalidate_pattern PASSED               [ 78%]
tests/test_search_cache.py::test_invalidate_batch PASSED                 [ 78%]
tests/test_search_cache.py::test_cache_latency FAILED                    [ 78%]
tests/test_search_cache.py::test_concurrent_cache_access PASSED          [ 78%]
tests/test_search_cache.py::test_search_with_invalidation FAILED         [ 79%]
tests/test_services.py::test_create_agent_service PASSED                 [ 79%]
tests/test_services.py::test_get_balance_service FAILED                  [ 79%]
tests/test_services.py::test_upload_memory_service FAILED                [ 79%]
tests/test_services.py::test_search_memories_service FAILED              [ 79%]
tests/test_services.py::test_search_memories_with_filters PASSED         [ 79%]
tests/test_services.py::test_keyword_search PASSED                       [ 80%]
tests/test_services.py::test_semantic_search FAILED                      [ 80%]
tests/test_services.py::test_hybrid_search FAILED                        [ 80%]
tests/test_services.py::test_search_sorting PASSED                       [ 80%]
tests/test_services.py::test_purchase_memory_service PASSED              [ 80%]
tests/test_services.py::test_purchase_own_memory_service PASSED          [ 80%]
tests/test_services.py::test_rate_memory_service PASSED                  [ 80%]
tests/test_services.py::test_verify_memory_service PASSED                [ 81%]
tests/test_services.py::test_verify_own_memory_service PASSED            [ 81%]
tests/test_services.py::test_update_memory_service FAILED                [ 81%]
tests/test_services.py::test_update_memory_unauthorized PASSED           [ 81%]
tests/test_services.py::test_get_my_memories_service PASSED              [ 81%]
tests/test_services.py::test_get_memory_detail_service FAILED            [ 81%]
tests/test_services.py::test_get_memory_versions_service FAILED          [ 82%]
tests/test_services.py::test_get_memory_version_service PASSED           [ 82%]
tests/test_services.py::test_memory_pagination PASSED                    [ 82%]
tests/test_services.py::test_verification_score_calculation PASSED       [ 82%]
tests/test_services.py::test_commission_system PASSED                    [ 82%]
tests/test_services.py::test_market_stats_update FAILED                  [ 82%]
tests/test_smart_reranking.py::TestFeatureExtractor::test_basic_feature_extraction PASSED [ 83%]
tests/test_smart_reranking.py::TestFeatureExtractor::test_keyword_match_no_overlap PASSED [ 83%]
tests/test_smart_reranking.py::TestFeatureExtractor::test_recency_score_decay PASSED [ 83%]
tests/test_smart_reranking.py::TestFeatureExtractor::test_freshness_score_boundaries PASSED [ 83%]
tests/test_smart_reranking.py::TestFeatureExtractor::test_no_created_at PASSED [ 83%]
tests/test_smart_reranking.py::TestFeatureExtractor::test_quality_signal PASSED [ 83%]
tests/test_smart_reranking.py::TestFeatureExtractor::test_user_interest_match PASSED [ 84%]
tests/test_smart_reranking.py::TestFeatureExtractor::test_user_profile_no_match PASSED [ 84%]
tests/test_smart_reranking.py::TestFeatureExtractor::test_batch_extraction PASSED [ 84%]
tests/test_smart_reranking.py::TestFeatureExtractor::test_tokenization PASSED [ 84%]
tests/test_smart_reranking.py::TestFeatureExtractor::test_bm25_score PASSED [ 84%]
tests/test_smart_reranking.py::TestSmartRerankingService::test_rerank_returns_sorted PASSED [ 84%]
tests/test_smart_reranking.py::TestSmartRerankingService::test_rerank_empty_candidates PASSED [ 85%]
tests/test_smart_reranking.py::TestSmartRerankingService::test_rerank_too_few_candidates PASSED [ 85%]
tests/test_smart_reranking.py::TestSmartRerankingService::test_top_k_truncation PASSED [ 85%]
tests/test_smart_reranking.py::TestSmartRerankingService::test_threshold_filter PASSED [ 85%]
tests/test_smart_reranking.py::TestSmartRerankingService::test_strategy_switching PASSED [ 85%]
tests/test_smart_reranking.py::TestSmartRerankingService::test_override_weights PASSED [ 85%]
tests/test_smart_reranking.py::TestSmartRerankingService::test_result_has_feature_vector PASSED [ 85%]
tests/test_smart_reranking.py::TestSmartRerankingService::test_user_profile_personalization PASSED [ 86%]
tests/test_smart_reranking.py::TestSmartRerankingService::test_stats_tracking PASSED [ 86%]
tests/test_smart_reranking.py::TestSmartRerankingService::test_config_update PASSED [ 86%]
tests/test_smart_reranking.py::TestRerankingEvaluator::test_mrr_calculation PASSED [ 86%]
tests/test_smart_reranking.py::TestRerankingEvaluator::test_ndcg_calculation PASSED [ 86%]
tests/test_smart_reranking.py::TestRerankingEvaluator::test_precision_at_k PASSED [ 86%]
tests/test_smart_reranking.py::TestRerankingEvaluator::test_recall_at_k PASSED [ 87%]
tests/test_smart_reranking.py::TestRerankingEvaluator::test_average_precision PASSED [ 87%]
tests/test_smart_reranking.py::TestRerankingEvaluator::test_hit_rate PASSED [ 87%]
tests/test_smart_reranking.py::TestRerankingEvaluator::test_composite_score PASSED [ 87%]
tests/test_smart_reranking.py::TestABTester::test_ab_result_structure PASSED [ 87%]
tests/test_smart_reranking.py::TestRerankingConfig::test_weights_validation PASSED [ 87%]
tests/test_smart_reranking.py::TestRerankingConfig::test_weights_to_dict PASSED [ 88%]
tests/test_smart_reranking.py::TestRerankingConfig::test_weights_from_dict PASSED [ 88%]
tests/test_smart_reranking.py::TestRerankingConfig::test_preset_strategies_exist PASSED [ 88%]
tests/test_smart_reranking.py::TestRerankingConfig::test_config_roundtrip PASSED [ 88%]
tests/test_smart_reranking.py::TestEvalHistory::test_add_and_get_report PASSED [ 88%]
tests/test_smart_reranking.py::TestEvalHistory::test_list_reports_filter PASSED [ 88%]
tests/test_smart_reranking.py::TestEvalHistory::test_compare_reports PASSED [ 89%]
tests/test_smart_reranking.py::TestDynamicWeights::test_short_query_boosts_keywords PASSED [ 89%]
tests/test_smart_reranking.py::TestDynamicWeights::test_long_query_boosts_semantic PASSED [ 89%]
tests/test_smart_reranking.py::TestDynamicWeights::test_user_profile_boosts_personalization PASSED [ 89%]
tests/test_team_api.py::TestTeamAPI::test_create_team PASSED             [ 89%]
tests/test_team_api.py::TestTeamAPI::test_create_team_duplicate_name PASSED [ 89%]
tests/test_team_api.py::TestTeamAPI::test_get_team PASSED                [ 90%]
tests/test_team_api.py::TestTeamAPI::test_get_team_not_found PASSED      [ 90%]
tests/test_team_api.py::TestTeamAPI::test_update_team PASSED             [ 90%]
tests/test_team_api.py::TestTeamAPI::test_update_team_unauthorized PASSED [ 90%]
tests/test_team_api.py::TestTeamAPI::test_delete_team PASSED             [ 90%]
tests/test_team_api.py::TestTeamAPI::test_get_team_members PASSED        [ 90%]
tests/test_team_api.py::TestTeamMemberAPI::test_generate_invite_code PASSED [ 90%]
tests/test_team_api.py::TestTeamMemberAPI::test_join_team_by_code PASSED [ 91%]
tests/test_team_api.py::TestTeamMemberAPI::test_join_team_invalid_code PASSED [ 91%]
tests/test_team_api.py::TestTeamMemberAPI::test_update_member_role PASSED [ 91%]
tests/test_team_api.py::TestTeamMemberAPI::test_remove_member PASSED     [ 91%]
tests/test_team_api.py::TestTeamMemberAPI::test_get_invite_codes PASSED  [ 91%]
tests/test_team_api.py::TestTeamCreditAPI::test_add_credits PASSED       [ 91%]
tests/test_team_api.py::TestTeamCreditAPI::test_add_credits_insufficient_balance PASSED [ 92%]
tests/test_team_api.py::TestTeamCreditAPI::test_transfer_credits PASSED  [ 92%]
tests/test_team_api.py::TestTeamCreditAPI::test_get_transactions PASSED  [ 92%]
tests/test_team_memory_collab.py::test_create_team_memory_visibility [VectorSearch] Failed to index memory mem_c42763f2da4f: No module named 'sentence_transformers'
FAILED [ 92%]
tests/test_team_memory_collab.py::test_private_memory_not_visible_in_team PASSED [ 92%]
tests/test_team_memory_collab.py::test_team_only_memory_visible_to_members [VectorSearch] Failed to index memory mem_89a3ab09a460: No module named 'sentence_transformers'
FAILED [ 92%]
tests/test_team_memory_collab.py::test_create_team_memory FAILED         [ 93%]
tests/test_team_memory_collab.py::test_get_team_memories FAILED          [ 93%]
tests/test_team_memory_collab.py::test_get_team_memory_detail [VectorSearch] Failed to index memory mem_ea89bc289550: No module named 'sentence_transformers'
FAILED     [ 93%]
tests/test_team_memory_collab.py::test_update_team_memory_admin [VectorSearch] Failed to index memory mem_6b503803572d: No module named 'sentence_transformers'
FAILED   [ 93%]
tests/test_team_memory_collab.py::test_member_cannot_update_memory [VectorSearch] Failed to index memory mem_0c10ab534b06: No module named 'sentence_transformers'
FAILED [ 93%]
tests/test_team_memory_collab.py::test_delete_team_memory [VectorSearch] Failed to index memory mem_2051c3794d7d: No module named 'sentence_transformers'
FAILED         [ 93%]
tests/test_team_memory_collab.py::test_purchase_with_team_credits FAILED [ 94%]
tests/test_team_memory_collab.py::test_cannot_purchase_team_own_memory [VectorSearch] Failed to index memory mem_a42d05051ffd: No module named 'sentence_transformers'
FAILED [ 94%]
tests/test_team_memory_collab.py::test_team_insufficient_credits FAILED  [ 94%]
tests/test_team_memory_collab.py::test_non_member_cannot_access_team_memory [VectorSearch] Failed to index memory mem_947106a8e3e5: No module named 'sentence_transformers'
FAILED [ 94%]
tests/test_team_models.py::TestTeamModel::test_create_team PASSED        [ 94%]
tests/test_team_models.py::TestTeamModel::test_team_relationships PASSED [ 94%]
tests/test_team_models.py::TestTeamModel::test_archive_team PASSED       [ 95%]
tests/test_team_models.py::TestTeamMemberModel::test_add_member_to_team PASSED [ 95%]
tests/test_team_models.py::TestTeamMemberModel::test_remove_member_from_team PASSED [ 95%]
tests/test_team_models.py::TestTeamMemberModel::test_unique_team_member_constraint PASSED [ 95%]
tests/test_team_models.py::TestTeamMemberModel::test_role_enumeration PASSED [ 95%]
tests/test_team_models.py::TestTeamInviteCodeModel::test_create_invite_code PASSED [ 95%]
tests/test_team_models.py::TestTeamInviteCodeModel::test_use_invite_code PASSED [ 95%]
tests/test_team_models.py::TestTeamInviteCodeModel::test_invite_code_expiration PASSED [ 96%]
tests/test_team_models.py::TestTeamCreditTransactionModel::test_recharge_team_credits PASSED [ 96%]
tests/test_team_models.py::TestTeamCreditTransactionModel::test_purchase_with_team_credits PASSED [ 96%]
tests/test_team_models.py::TestTeamCreditTransactionModel::test_transaction_history PASSED [ 96%]
tests/test_team_models.py::TestMemoryWithTeam::test_create_team_memory PASSED [ 96%]
tests/test_team_models.py::TestMemoryWithTeam::test_memory_visibility_levels PASSED [ 96%]
tests/test_team_models.py::TestMemoryWithTeam::test_private_memory_no_team PASSED [ 97%]
tests/test_team_models.py::TestPermissionLogic::test_owner_permissions PASSED [ 97%]
tests/test_team_models.py::TestPermissionLogic::test_admin_cannot_remove_owner PASSED [ 97%]
tests/test_team_models.py::TestPermissionLogic::test_member_permissions PASSED [ 97%]
tests/test_user_profiles.py::TestProfileExtraction::test_rule_based_extraction ERROR [ 97%]
tests/test_user_profiles.py::TestProfileExtraction::test_extract_from_conversation ERROR [ 97%]
tests/test_user_profiles.py::TestUserProfileService::test_create_profile ERROR [ 98%]
tests/test_user_profiles.py::TestUserProfileService::test_get_profile ERROR [ 98%]
tests/test_user_profiles.py::TestUserProfileService::test_add_fact ERROR [ 98%]
tests/test_user_profiles.py::TestUserProfileService::test_get_facts ERROR [ 98%]
tests/test_user_profiles.py::TestUserProfileService::test_delete_fact ERROR [ 98%]
tests/test_user_profiles.py::TestUserProfileService::test_get_changes ERROR [ 98%]
tests/test_user_profiles.py::TestUserProfileService::test_dynamic_context ERROR [ 99%]
tests/test_user_profiles.py::TestUserProfileService::test_profile_completeness ERROR [ 99%]
tests/test_user_profiles.py::TestProfileAPI::test_get_my_profile ERROR   [ 99%]
tests/test_user_profiles.py::TestProfileAPI::test_update_my_profile ERROR [ 99%]
tests/test_user_profiles.py::TestProfileAPI::test_add_fact_api ERROR     [ 99%]
tests/test_user_profiles.py::TestProfileAPI::test_extract_from_conversation_api PASSED [ 99%]
tests/test_user_profiles.py::TestSearchIntegration::test_personalized_search ERROR [100%]

==================================== ERRORS ====================================
____________ ERROR at setup of TestPolicyService.test_create_policy ____________
file /Users/sss/.openclaw/workspace/memory-market/tests/test_advanced_permissions.py, line 451
      async def test_create_policy(
          self,
          db: AsyncSession,
          test_agent: Agent,
          sample_policy_document: dict
      ):
          """测试创建策略"""
          service = PolicyService(db)
          policy = await service.create_policy(
              name="测试策略",
              policy_document=sample_policy_document,
              description="测试描述",
              created_by_agent_id=test_agent.agent_id
          )

          assert policy.policy_id is not None
          assert policy.name == "测试策略"
          assert policy.policy_type == "custom"
          assert policy.version_count == 1
          assert policy.default_version_id is not None
E       fixture 'db' not found
>       available fixtures: _class_scoped_runner, _function_scoped_runner, _module_scoped_runner, _package_scoped_runner, _session_scoped_runner, anyio_backend, anyio_backend_name, anyio_backend_options, auth_headers, cache, capfd, capfdbinary, caplog, capsys, capsysbinary, capteesys, client, conditional_policy_document, cov, db_engine, db_session, deny_policy_document, doctest_namespace, event_loop, event_loop_policy, free_tcp_port, free_tcp_port_factory, free_udp_port, free_udp_port_factory, monkeypatch, no_cover, pytestconfig, record_property, record_testsuite_property, record_xml_attribute, recwarn, sample_policy_document, subtests, test_agent, test_agent2, test_memory, test_permissions, test_role, tmp_path, tmp_path_factory, tmpdir, tmpdir_factory, unused_tcp_port, unused_tcp_port_factory, unused_udp_port, unused_udp_port_factory
>       use 'pytest --fixtures [testpath]' for help on them.

/Users/sss/.openclaw/workspace/memory-market/tests/test_advanced_permissions.py:451
___ ERROR at setup of TestPolicyService.test_create_policy_invalid_document ____
file /Users/sss/.openclaw/workspace/memory-market/tests/test_advanced_permissions.py, line 472
      async def test_create_policy_invalid_document(
          self,
          db: AsyncSession,
          test_agent: Agent
      ):
          """测试创建策略 - 无效文档"""
          service = PolicyService(db)

          with pytest.raises(ValueError, match="must contain 'Statement'"):
              await service.create_policy(
                  name="无效策略",
                  policy_document={"Version": "2024-01-01"},
                  created_by_agent_id=test_agent.agent_id
              )
E       fixture 'db' not found
>       available fixtures: _class_scoped_runner, _function_scoped_runner, _module_scoped_runner, _package_scoped_runner, _session_scoped_runner, anyio_backend, anyio_backend_name, anyio_backend_options, auth_headers, cache, capfd, capfdbinary, caplog, capsys, capsysbinary, capteesys, client, conditional_policy_document, cov, db_engine, db_session, deny_policy_document, doctest_namespace, event_loop, event_loop_policy, free_tcp_port, free_tcp_port_factory, free_udp_port, free_udp_port_factory, monkeypatch, no_cover, pytestconfig, record_property, record_testsuite_property, record_xml_attribute, recwarn, sample_policy_document, subtests, test_agent, test_agent2, test_memory, test_permissions, test_role, tmp_path, tmp_path_factory, tmpdir, tmpdir_factory, unused_tcp_port, unused_tcp_port_factory, unused_udp_port, unused_udp_port_factory
>       use 'pytest --fixtures [testpath]' for help on them.

/Users/sss/.openclaw/workspace/memory-market/tests/test_advanced_permissions.py:472
_____________ ERROR at setup of TestPolicyService.test_get_policy ______________
file /Users/sss/.openclaw/workspace/memory-market/tests/test_advanced_permissions.py, line 487
      async def test_get_policy(
          self,
          db: AsyncSession,
          test_agent: Agent,
          sample_policy_document: dict
      ):
          """测试获取策略"""
          service = PolicyService(db)
          policy = await service.create_policy(
              name="获取测试",
              policy_document=sample_policy_document,
              created_by_agent_id=test_agent.agent_id
          )

          fetched = await service.get_policy(policy.policy_id)
          assert fetched is not None
          assert fetched.name == "获取测试"
E       fixture 'db' not found
>       available fixtures: _class_scoped_runner, _function_scoped_runner, _module_scoped_runner, _package_scoped_runner, _session_scoped_runner, anyio_backend, anyio_backend_name, anyio_backend_options, auth_headers, cache, capfd, capfdbinary, caplog, capsys, capsysbinary, capteesys, client, conditional_policy_document, cov, db_engine, db_session, deny_policy_document, doctest_namespace, event_loop, event_loop_policy, free_tcp_port, free_tcp_port_factory, free_udp_port, free_udp_port_factory, monkeypatch, no_cover, pytestconfig, record_property, record_testsuite_property, record_xml_attribute, recwarn, sample_policy_document, subtests, test_agent, test_agent2, test_memory, test_permissions, test_role, tmp_path, tmp_path_factory, tmpdir, tmpdir_factory, unused_tcp_port, unused_tcp_port_factory, unused_udp_port, unused_udp_port_factory
>       use 'pytest --fixtures [testpath]' for help on them.

/Users/sss/.openclaw/workspace/memory-market/tests/test_advanced_permissions.py:487
____________ ERROR at setup of TestPolicyService.test_list_policies ____________
file /Users/sss/.openclaw/workspace/memory-market/tests/test_advanced_permissions.py, line 505
      async def test_list_policies(
          self,
          db: AsyncSession,
          test_agent: Agent,
          sample_policy_document: dict
      ):
          """测试列出策略"""
          service = PolicyService(db)

          # 创建多个策略
          for i in range(3):
              await service.create_policy(
                  name=f"列表测试{i}",
                  policy_document=sample_policy_document,
                  created_by_agent_id=test_agent.agent_id
              )

          result = await service.list_policies(page=1, page_size=10)
          assert result["total"] >= 3
E       fixture 'db' not found
>       available fixtures: _class_scoped_runner, _function_scoped_runner, _module_scoped_runner, _package_scoped_runner, _session_scoped_runner, anyio_backend, anyio_backend_name, anyio_backend_options, auth_headers, cache, capfd, capfdbinary, caplog, capsys, capsysbinary, capteesys, client, conditional_policy_document, cov, db_engine, db_session, deny_policy_document, doctest_namespace, event_loop, event_loop_policy, free_tcp_port, free_tcp_port_factory, free_udp_port, free_udp_port_factory, monkeypatch, no_cover, pytestconfig, record_property, record_testsuite_property, record_xml_attribute, recwarn, sample_policy_document, subtests, test_agent, test_agent2, test_memory, test_permissions, test_role, tmp_path, tmp_path_factory, tmpdir, tmpdir_factory, unused_tcp_port, unused_tcp_port_factory, unused_udp_port, unused_udp_port_factory
>       use 'pytest --fixtures [testpath]' for help on them.

/Users/sss/.openclaw/workspace/memory-market/tests/test_advanced_permissions.py:505
____________ ERROR at setup of TestPolicyService.test_update_policy ____________
file /Users/sss/.openclaw/workspace/memory-market/tests/test_advanced_permissions.py, line 525
      async def test_update_policy(
          self,
          db: AsyncSession,
          test_agent: Agent,
          sample_policy_document: dict
      ):
          """测试更新策略"""
          service = PolicyService(db)
          policy = await service.create_policy(
              name="更新测试",
              policy_document=sample_policy_document,
              created_by_agent_id=test_agent.agent_id
          )

          # 更新基本信息
          updated = await service.update_policy(
              policy_id=policy.policy_id,
              name="更新后的名称"
          )
          assert updated.name == "更新后的名称"

          # 更新策略文档（创建新版本）
          new_doc = {
              "Version": "2024-01-01",
              "Statement": [{
                  "Effect": "Allow",
                  "Action": ["memory:get", "memory:list", "memory:create"],
                  "Resource": ["memory:*"]
              }]
          }
          updated = await service.update_policy(
              policy_id=policy.policy_id,
              policy_document=new_doc,
              changelog="添加了 create 权限"
          )
          assert updated.version_count == 2

          # 验证版本
          versions = await service.get_policy_versions(policy.policy_id)
          assert len(versions) == 2
E       fixture 'db' not found
>       available fixtures: _class_scoped_runner, _function_scoped_runner, _module_scoped_runner, _package_scoped_runner, _session_scoped_runner, anyio_backend, anyio_backend_name, anyio_backend_options, auth_headers, cache, capfd, capfdbinary, caplog, capsys, capsysbinary, capteesys, client, conditional_policy_document, cov, db_engine, db_session, deny_policy_document, doctest_namespace, event_loop, event_loop_policy, free_tcp_port, free_tcp_port_factory, free_udp_port, free_udp_port_factory, monkeypatch, no_cover, pytestconfig, record_property, record_testsuite_property, record_xml_attribute, recwarn, sample_policy_document, subtests, test_agent, test_agent2, test_memory, test_permissions, test_role, tmp_path, tmp_path_factory, tmpdir, tmpdir_factory, unused_tcp_port, unused_tcp_port_factory, unused_udp_port, unused_udp_port_factory
>       use 'pytest --fixtures [testpath]' for help on them.

/Users/sss/.openclaw/workspace/memory-market/tests/test_advanced_permissions.py:525
____________ ERROR at setup of TestPolicyService.test_delete_policy ____________
file /Users/sss/.openclaw/workspace/memory-market/tests/test_advanced_permissions.py, line 566
      async def test_delete_policy(
          self,
          db: AsyncSession,
          test_agent: Agent,
          sample_policy_document: dict
      ):
          """测试删除策略"""
          service = PolicyService(db)
          policy = await service.create_policy(
              name="删除测试",
              policy_document=sample_policy_document,
              created_by_agent_id=test_agent.agent_id
          )

          success = await service.delete_policy(policy.policy_id)
          assert success is True

          fetched = await service.get_policy(policy.policy_id)
          assert fetched is None
E       fixture 'db' not found
>       available fixtures: _class_scoped_runner, _function_scoped_runner, _module_scoped_runner, _package_scoped_runner, _session_scoped_runner, anyio_backend, anyio_backend_name, anyio_backend_options, auth_headers, cache, capfd, capfdbinary, caplog, capsys, capsysbinary, capteesys, client, conditional_policy_document, cov, db_engine, db_session, deny_policy_document, doctest_namespace, event_loop, event_loop_policy, free_tcp_port, free_tcp_port_factory, free_udp_port, free_udp_port_factory, monkeypatch, no_cover, pytestconfig, record_property, record_testsuite_property, record_xml_attribute, recwarn, sample_policy_document, subtests, test_agent, test_agent2, test_memory, test_permissions, test_role, tmp_path, tmp_path_factory, tmpdir, tmpdir_factory, unused_tcp_port, unused_tcp_port_factory, unused_udp_port, unused_udp_port_factory
>       use 'pytest --fixtures [testpath]' for help on them.

/Users/sss/.openclaw/workspace/memory-market/tests/test_advanced_permissions.py:566
________ ERROR at setup of TestPolicyService.test_delete_system_policy _________
file /Users/sss/.openclaw/workspace/memory-market/tests/test_advanced_permissions.py, line 586
      async def test_delete_system_policy(
          self,
          db: AsyncSession,
          test_agent: Agent,
          sample_policy_document: dict
      ):
          """测试不能删除系统策略"""
          service = PolicyService(db)
          policy = await service.create_policy(
              name="系统策略",
              policy_document=sample_policy_document,
              policy_type="managed",
              created_by_agent_id=test_agent.agent_id
          )
          policy.is_system = True
          await db.commit()

          with pytest.raises(ValueError, match="Cannot delete system policy"):
              await service.delete_policy(policy.policy_id)
E       fixture 'db' not found
>       available fixtures: _class_scoped_runner, _function_scoped_runner, _module_scoped_runner, _package_scoped_runner, _session_scoped_runner, anyio_backend, anyio_backend_name, anyio_backend_options, auth_headers, cache, capfd, capfdbinary, caplog, capsys, capsysbinary, capteesys, client, conditional_policy_document, cov, db_engine, db_session, deny_policy_document, doctest_namespace, event_loop, event_loop_policy, free_tcp_port, free_tcp_port_factory, free_udp_port, free_udp_port_factory, monkeypatch, no_cover, pytestconfig, record_property, record_testsuite_property, record_xml_attribute, recwarn, sample_policy_document, subtests, test_agent, test_agent2, test_memory, test_permissions, test_role, tmp_path, tmp_path_factory, tmpdir, tmpdir_factory, unused_tcp_port, unused_tcp_port_factory, unused_udp_port, unused_udp_port_factory
>       use 'pytest --fixtures [testpath]' for help on them.

/Users/sss/.openclaw/workspace/memory-market/tests/test_advanced_permissions.py:586
______ ERROR at setup of TestPolicyService.test_attach_and_detach_policy _______
file /Users/sss/.openclaw/workspace/memory-market/tests/test_advanced_permissions.py, line 606
      async def test_attach_and_detach_policy(
          self,
          db: AsyncSession,
          test_agent: Agent,
          sample_policy_document: dict
      ):
          """测试附加和分离策略"""
          service = PolicyService(db)
          policy = await service.create_policy(
              name="附加测试",
              policy_document=sample_policy_document,
              created_by_agent_id=test_agent.agent_id
          )

          # 附加到用户
          attachment = await service.attach_policy(
              policy_id=policy.policy_id,
              agent_id=test_agent.agent_id
          )
          assert attachment.attachment_id is not None

          # 查询附加
          attachments = await service.get_attached_policies(agent_id=test_agent.agent_id)
          assert len(attachments) == 1

          # 分离
          success = await service.detach_policy(
              policy_id=policy.policy_id,
              agent_id=test_agent.agent_id
          )
          assert success is True
E       fixture 'db' not found
>       available fixtures: _class_scoped_runner, _function_scoped_runner, _module_scoped_runner, _package_scoped_runner, _session_scoped_runner, anyio_backend, anyio_backend_name, anyio_backend_options, auth_headers, cache, capfd, capfdbinary, caplog, capsys, capsysbinary, capteesys, client, conditional_policy_document, cov, db_engine, db_session, deny_policy_document, doctest_namespace, event_loop, event_loop_policy, free_tcp_port, free_tcp_port_factory, free_udp_port, free_udp_port_factory, monkeypatch, no_cover, pytestconfig, record_property, record_testsuite_property, record_xml_attribute, recwarn, sample_policy_document, subtests, test_agent, test_agent2, test_memory, test_permissions, test_role, tmp_path, tmp_path_factory, tmpdir, tmpdir_factory, unused_tcp_port, unused_tcp_port_factory, unused_udp_port, unused_udp_port_factory
>       use 'pytest --fixtures [testpath]' for help on them.

/Users/sss/.openclaw/workspace/memory-market/tests/test_advanced_permissions.py:606
_________ ERROR at setup of TestPolicyService.test_version_management __________
file /Users/sss/.openclaw/workspace/memory-market/tests/test_advanced_permissions.py, line 638
      async def test_version_management(
          self,
          db: AsyncSession,
          test_agent: Agent,
          sample_policy_document: dict
      ):
          """测试版本管理"""
          service = PolicyService(db)
          policy = await service.create_policy(
              name="版本测试",
              policy_document=sample_policy_document,
              created_by_agent_id=test_agent.agent_id
          )

          # 创建多个版本
          for i in range(3):
              await service.update_policy(
                  policy_id=policy.policy_id,
                  policy_document={
                      "Version": "2024-01-01",
                      "Statement": [{
                          "Effect": "Allow",
                          "Action": [f"memory:action{i}"],
                          "Resource": ["memory:*"]
                      }]
                  },
                  changelog=f"Version {i+2}"
              )

          versions = await service.get_policy_versions(policy.policy_id)
          assert len(versions) == 4  # 1 initial + 3 updates

          # 设置默认版本
          old_version = versions[-1]  # 最早的版本
          success = await service.set_default_version(policy.policy_id, old_version.version_id)
          assert success is True
E       fixture 'db' not found
>       available fixtures: _class_scoped_runner, _function_scoped_runner, _module_scoped_runner, _package_scoped_runner, _session_scoped_runner, anyio_backend, anyio_backend_name, anyio_backend_options, auth_headers, cache, capfd, capfdbinary, caplog, capsys, capsysbinary, capteesys, client, conditional_policy_document, cov, db_engine, db_session, deny_policy_document, doctest_namespace, event_loop, event_loop_policy, free_tcp_port, free_tcp_port_factory, free_udp_port, free_udp_port_factory, monkeypatch, no_cover, pytestconfig, record_property, record_testsuite_property, record_xml_attribute, recwarn, sample_policy_document, subtests, test_agent, test_agent2, test_memory, test_permissions, test_role, tmp_path, tmp_path_factory, tmpdir, tmpdir_factory, unused_tcp_port, unused_tcp_port_factory, unused_udp_port, unused_udp_port_factory
>       use 'pytest --fixtures [testpath]' for help on them.

/Users/sss/.openclaw/workspace/memory-market/tests/test_advanced_permissions.py:638
____ ERROR at setup of TestPolicyService.test_check_permission_with_policy _____
file /Users/sss/.openclaw/workspace/memory-market/tests/test_advanced_permissions.py, line 675
      async def test_check_permission_with_policy(
          self,
          db: AsyncSession,
          test_agent: Agent,
          sample_policy_document: dict
      ):
          """测试通过策略检查权限"""
          service = PolicyService(db)
          policy = await service.create_policy(
              name="权限检查测试",
              policy_document=sample_policy_document,
              created_by_agent_id=test_agent.agent_id
          )

          await service.attach_policy(
              policy_id=policy.policy_id,
              agent_id=test_agent.agent_id
          )

          # 检查允许的操作
          result = await service.check_permission(
              agent_id=test_agent.agent_id,
              action="memory:get",
              resource="memory:mem_123"
          )
          assert result["allowed"] is True

          # 检查不允许的操作
          result = await service.check_permission(
              agent_id=test_agent.agent_id,
              action="memory:delete",
              resource="memory:mem_123"
          )
          assert result["allowed"] is False
E       fixture 'db' not found
>       available fixtures: _class_scoped_runner, _function_scoped_runner, _module_scoped_runner, _package_scoped_runner, _session_scoped_runner, anyio_backend, anyio_backend_name, anyio_backend_options, auth_headers, cache, capfd, capfdbinary, caplog, capsys, capsysbinary, capteesys, client, conditional_policy_document, cov, db_engine, db_session, deny_policy_document, doctest_namespace, event_loop, event_loop_policy, free_tcp_port, free_tcp_port_factory, free_udp_port, free_udp_port_factory, monkeypatch, no_cover, pytestconfig, record_property, record_testsuite_property, record_xml_attribute, recwarn, sample_policy_document, subtests, test_agent, test_agent2, test_memory, test_permissions, test_role, tmp_path, tmp_path_factory, tmpdir, tmpdir_factory, unused_tcp_port, unused_tcp_port_factory, unused_udp_port, unused_udp_port_factory
>       use 'pytest --fixtures [testpath]' for help on them.

/Users/sss/.openclaw/workspace/memory-market/tests/test_advanced_permissions.py:675
______ ERROR at setup of TestPolicyService.test_conditional_policy_check _______
file /Users/sss/.openclaw/workspace/memory-market/tests/test_advanced_permissions.py, line 710
      async def test_conditional_policy_check(
          self,
          db: AsyncSession,
          test_agent: Agent,
          conditional_policy_document: dict
      ):
          """测试带条件的策略检查"""
          service = PolicyService(db)
          policy = await service.create_policy(
              name="条件策略测试",
              policy_document=conditional_policy_document,
              created_by_agent_id=test_agent.agent_id
          )

          await service.attach_policy(
              policy_id=policy.policy_id,
              agent_id=test_agent.agent_id
          )

          # 满足条件
          result = await service.check_permission(
              agent_id=test_agent.agent_id,
              action="memory:get",
              resource="memory:mem_123",
              context={"category": "技术"}
          )
          assert result["allowed"] is True

          # 不满足条件
          result = await service.check_permission(
              agent_id=test_agent.agent_id,
              action="memory:get",
              resource="memory:mem_123",
              context={"category": "生活"}
          )
          assert result["allowed"] is False
E       fixture 'db' not found
>       available fixtures: _class_scoped_runner, _function_scoped_runner, _module_scoped_runner, _package_scoped_runner, _session_scoped_runner, anyio_backend, anyio_backend_name, anyio_backend_options, auth_headers, cache, capfd, capfdbinary, caplog, capsys, capsysbinary, capteesys, client, conditional_policy_document, cov, db_engine, db_session, deny_policy_document, doctest_namespace, event_loop, event_loop_policy, free_tcp_port, free_tcp_port_factory, free_udp_port, free_udp_port_factory, monkeypatch, no_cover, pytestconfig, record_property, record_testsuite_property, record_xml_attribute, recwarn, sample_policy_document, subtests, test_agent, test_agent2, test_memory, test_permissions, test_role, tmp_path, tmp_path_factory, tmpdir, tmpdir_factory, unused_tcp_port, unused_tcp_port_factory, unused_udp_port, unused_udp_port_factory
>       use 'pytest --fixtures [testpath]' for help on them.

/Users/sss/.openclaw/workspace/memory-market/tests/test_advanced_permissions.py:710
___ ERROR at setup of TestPolicyService.test_deny_overrides_allow_in_service ___
file /Users/sss/.openclaw/workspace/memory-market/tests/test_advanced_permissions.py, line 747
      async def test_deny_overrides_allow_in_service(
          self,
          db: AsyncSession,
          test_agent: Agent,
          sample_policy_document: dict,
          deny_policy_document: dict
      ):
          """测试服务层 Deny 优先于 Allow"""
          service = PolicyService(db)

          # Allow 策略
          allow_policy = await service.create_policy(
              name="Allow策略",
              policy_document=sample_policy_document,
              created_by_agent_id=test_agent.agent_id
          )
          await service.attach_policy(
              policy_id=allow_policy.policy_id,
              agent_id=test_agent.agent_id
          )

          # Deny 策略
          deny_policy = await service.create_policy(
              name="Deny策略",
              policy_document=deny_policy_document,
              created_by_agent_id=test_agent.agent_id
          )
          await service.attach_policy(
              policy_id=deny_policy.policy_id,
              agent_id=test_agent.agent_id
          )

          # delete 操作被 Deny
          result = await service.check_permission(
              agent_id=test_agent.agent_id,
              action="memory:delete",
              resource="memory:mem_123"
          )
          assert result["allowed"] is False

          # get 操作仍然 Allow
          result = await service.check_permission(
              agent_id=test_agent.agent_id,
              action="memory:get",
              resource="memory:mem_123"
          )
          assert result["allowed"] is True
E       fixture 'db' not found
[...]
    result["processing_time"] = (datetime.utcnow() - start_time).total_seconds()

tests/test_external_sources.py::TestWebhookService::test_webhook_event_to_dict
  /Users/sss/.openclaw/workspace/memory-market/tests/test_external_sources.py:491: DeprecationWarning: datetime.datetime.utcnow() is deprecated and scheduled for removal in a future version. Use timezone-aware objects to represent datetimes in UTC: datetime.datetime.now(datetime.UTC).
    received_at=datetime.utcnow(),

tests/test_external_sources.py::TestExternalSearchEngine::test_cache
  /Users/sss/.openclaw/workspace/memory-market/tests/test_external_sources.py:556: DeprecationWarning: datetime.datetime.utcnow() is deprecated and scheduled for removal in a future version. Use timezone-aware objects to represent datetimes in UTC: datetime.datetime.now(datetime.UTC).
    engine._cache_timestamps["test"] = datetime.utcnow()

tests/test_external_sources.py::TestExternalSearchEngine::test_cache
  /Users/sss/.openclaw/workspace/memory-market/app/search/external_search.py:188: DeprecationWarning: datetime.datetime.utcnow() is deprecated and scheduled for removal in a future version. Use timezone-aware objects to represent datetimes in UTC: datetime.datetime.now(datetime.UTC).
    age = (datetime.utcnow() - timestamp).total_seconds()

tests/test_external_sources.py::TestExternalSearchEngine::test_clear_cache
  /Users/sss/.openclaw/workspace/memory-market/tests/test_external_sources.py:565: DeprecationWarning: datetime.datetime.utcnow() is deprecated and scheduled for removal in a future version. Use timezone-aware objects to represent datetimes in UTC: datetime.datetime.now(datetime.UTC).
    engine._cache_timestamps["test"] = datetime.utcnow()

tests/test_mcp_tools_simple.py::TestTeamMCPToolsClass::test_log_activity_basic
  /Users/sss/.openclaw/workspace/memory-market/mcp_tools/team_mcp.py:888: RuntimeWarning: coroutine 'AsyncMockMixin._execute_mock_call' was never awaited
    db.add(activity)
  Enable tracemalloc to get traceback where the object was allocated.
  See https://docs.pytest.org/en/stable/how-to/capture-warnings.html#resource-warnings for more info.

tests/test_monitoring.py::TestLogging::test_json_formatter
  /Users/sss/.openclaw/workspace/memory-market/app/core/logging.py:44: DeprecationWarning: datetime.datetime.utcnow() is deprecated and scheduled for removal in a future version. Use timezone-aware objects to represent datetimes in UTC: datetime.datetime.now(datetime.UTC).
    log_record["timestamp"] = datetime.utcnow().isoformat() + "Z"

tests/test_search_cache.py: 107 warnings
  /Users/sss/.openclaw/workspace/memory-market/app/cache/redis_client.py:74: DeprecationWarning: Call to deprecated close. (Use aclose() instead) -- Deprecated since version 5.0.1.
    await client.close()

tests/test_smart_reranking.py::TestSmartRerankingService::test_rerank_returns_sorted
tests/test_smart_reranking.py::TestSmartRerankingService::test_top_k_truncation
tests/test_smart_reranking.py::TestSmartRerankingService::test_threshold_filter
tests/test_smart_reranking.py::TestSmartRerankingService::test_strategy_switching
tests/test_smart_reranking.py::TestSmartRerankingService::test_override_weights
tests/test_smart_reranking.py::TestSmartRerankingService::test_result_has_feature_vector
tests/test_smart_reranking.py::TestSmartRerankingService::test_user_profile_personalization
  /opt/homebrew/Cellar/python@3.14/3.14.3_1/Frameworks/Python.framework/Versions/3.14/lib/python3.14/asyncio/events.py:94: RuntimeWarning: coroutine 'get_redis_client' was never awaited
    self._context.run(self._callback, *self._args)
  Enable tracemalloc to get traceback where the object was allocated.
  See https://docs.pytest.org/en/stable/how-to/capture-warnings.html#resource-warnings for more info.

-- Docs: https://docs.pytest.org/en/stable/how-to/capture-warnings.html
=========================== short test summary info ============================
FAILED tests/test_api.py::test_register_agent - KeyError: 'data'
FAILED tests/test_api.py::test_get_my_info - KeyError: 'data'
FAILED tests/test_api.py::test_get_my_info_unauthorized - assert 422 == 401
FAILED tests/test_api.py::test_upload_memory - assert 422 == 200
FAILED tests/test_api.py::test_upload_memory_unauthorized - assert 422 == 401
FAILED tests/test_api.py::test_get_memory_detail - assert 422 == 200
FAILED tests/test_api.py::test_get_memory_detail_not_found - assert 422 == 404
FAILED tests/test_api.py::test_purchase_memory_unauthorized - assert 422 == 401
FAILED tests/test_api.py::test_rate_memory - assert 422 == 200
FAILED tests/test_api.py::test_rate_memory_without_purchase - assert 422 == 400
FAILED tests/test_api.py::test_update_memory - KeyError: 'data'
FAILED tests/test_api.py::test_capture_experience - assert 422 == 200
FAILED tests/test_api.py::test_batch_capture_experience - assert 422 == 200
FAILED tests/test_api.py::test_semantic_search - assert 500 == 200
FAILED tests/test_api.py::test_hybrid_search - assert 500 == 200
FAILED tests/test_api.py::test_get_memory_versions - assert 0 >= 1
FAILED tests/test_auto_forget.py::test_check_expired_memories - sqlalchemy.ex...
FAILED tests/test_auto_forget.py::test_expire_memories - sqlalchemy.exc.Opera...
FAILED tests/test_auto_forget.py::test_check_expired_facts - sqlalchemy.exc.O...
FAILED tests/test_auto_forget.py::test_expire_facts - sqlalchemy.exc.Operatio...
FAILED tests/test_auto_forget.py::test_override_fact - sqlalchemy.exc.Operati...
FAILED tests/test_auto_forget.py::test_set_memory_ttl - sqlalchemy.exc.Operat...
FAILED tests/test_auto_forget.py::test_auto_expire_memories - sqlalchemy.exc....
FAILED tests/test_auto_forget.py::test_get_stats - sqlalchemy.exc.Operational...
FAILED tests/test_digital_signature.py::TestDigitalSignatureService::test_performance_signing
FAILED tests/test_digital_signature.py::TestKeyManagementService::test_rotate_key
FAILED tests/test_evaluation.py::TestRunner::test_run_with_failure - Assertio...
FAILED tests/test_external_sources.py::TestAdapterRegistration::test_register_all_adapters
FAILED tests/test_external_sources.py::TestExternalSourcesAPI::test_connect_invalid_source_type
FAILED tests/test_in_memory.py::TestInMemoryVectorEngine::test_filter_ids - A...
FAILED tests/test_in_memory.py::TestInMemoryHybridEngine::test_rerank - TypeE...
FAILED tests/test_mcp_tools.py::TestTeamMCPTools::test_create_team_success - ...
FAILED tests/test_mcp_tools.py::TestTeamMCPTools::test_create_team_missing_name
FAILED tests/test_mcp_tools.py::TestTeamMCPTools::test_get_team_success - Att...
FAILED tests/test_mcp_tools.py::TestTeamMCPTools::test_get_team_not_found - A...
FAILED tests/test_mcp_tools.py::TestTeamMCPTools::test_update_team_success - ...
FAILED tests/test_mcp_tools.py::TestTeamMCPTools::test_delete_team_success - ...
FAILED tests/test_mcp_tools.py::TestTeamMCPTools::test_list_teams - Attribute...
FAILED tests/test_mcp_tools.py::TestTeamMCPTools::test_get_team_stats - Attri...
FAILED tests/test_mcp_tools.py::TestTeamMCPTools::test_invite_member_success
FAILED tests/test_mcp_tools.py::TestTeamMCPTools::test_join_team_success - At...
FAILED tests/test_mcp_tools.py::TestTeamMCPTools::test_list_members - Attribu...
FAILED tests/test_mcp_tools.py::TestTeamMCPTools::test_update_member_role - A...
FAILED tests/test_mcp_tools.py::TestTeamMCPTools::test_remove_member - Attrib...
FAILED tests/test_mcp_tools.py::TestTeamMCPTools::test_create_team_memory - p...
FAILED tests/test_mcp_tools.py::TestTeamMCPTools::test_get_team_memory - pyda...
FAILED tests/test_mcp_tools.py::TestTeamMCPTools::test_update_team_memory - p...
FAILED tests/test_mcp_tools.py::TestTeamMCPTools::test_delete_team_memory - A...
FAILED tests/test_mcp_tools.py::TestTeamMCPTools::test_search_team_memories
FAILED tests/test_mcp_tools.py::TestTeamMCPTools::test_list_team_memories - M...
FAILED tests/test_mcp_tools.py::TestTeamMCPTools::test_get_team_credits - Att...
FAILED tests/test_mcp_tools.py::TestTeamMCPTools::test_add_team_credits - Att...
FAILED tests/test_mcp_tools.py::TestTeamMCPTools::test_transfer_credits - Att...
FAILED tests/test_mcp_tools.py::TestTeamMCPTools::test_get_credit_transactions
FAILED tests/test_mcp_tools.py::TestTeamMCPTools::test_get_team_activities - ...
FAILED tests/test_mcp_tools.py::TestTeamMCPTools::test_log_activity - TypeErr...
FAILED tests/test_mcp_tools.py::TestTeamMCPTools::test_get_team_insights - At...
FAILED tests/test_mcp_tools_simple.py::TestToolCategories::test_member_management_category
FAILED tests/test_monitoring.py::TestOpenTelemetrySetup::test_setup_telemetry
FAILED tests/test_monitoring.py::TestOpenTelemetrySetup::test_get_tracer - At...
FAILED tests/test_monitoring.py::TestOpenTelemetrySetup::test_get_meter - Att...
FAILED tests/test_monitoring.py::TestTracing::test_get_trace_id - AttributeEr...
FAILED tests/test_monitoring.py::TestMetrics::test_create_common_metrics - At...
FAILED tests/test_monitoring.py::TestMetrics::test_metric_functions - Attribu...
FAILED tests/test_monitoring.py::TestLogging::test_setup_logging - TypeError:...
FAILED tests/test_monitoring.py::TestLogging::test_json_formatter - Attribute...
FAILED tests/test_monitoring.py::TestMonitoringIntegration::test_full_telemetry_flow
FAILED tests/test_monitoring.py::TestMonitoringIntegration::test_trace_context_in_logs
FAILED tests/test_monitoring.py::TestMonitoringIntegration::test_metric_recording_overhead
FAILED tests/test_multi_agent.py::TestDirectFactAgent::test_empty_query - Key...
FAILED tests/test_multi_agent.py::TestIntegration::test_concurrent_pipelines
FAILED tests/test_qdrant_client.py::TestQdrantVectorEngine::test_create_collection_new
FAILED tests/test_qdrant_client.py::TestQdrantVectorEngine::test_create_collection_recreate
FAILED tests/test_qdrant_client.py::TestQdrantVectorEngine::test_index_memories_success
FAILED tests/test_qdrant_client.py::TestQdrantVectorEngine::test_index_memories_batch
FAILED tests/test_qdrant_client.py::TestQdrantVectorEngine::test_search_empty_query
FAILED tests/test_qdrant_client.py::TestQdrantVectorEngine::test_search_success
FAILED tests/test_qdrant_client.py::TestQdrantVectorEngine::test_search_with_filters
FAILED tests/test_qdrant_client.py::TestQdrantEngineSingleton::test_get_qdrant_engine_singleton
FAILED tests/test_qdrant_client.py::TestQdrantEngineSingleton::test_get_qdrant_engine_different_params
FAILED tests/test_search_cache.py::test_redis_client_ping - assert False is True
FAILED tests/test_search_cache.py::test_redis_client_set_get - assert False i...
FAILED tests/test_search_cache.py::test_redis_client_delete_pattern - assert ...
FAILED tests/test_search_cache.py::test_redis_client_stats - AssertionError: ...
FAILED tests/test_search_cache.py::test_cache_hit - assert 2 == 1
FAILED tests/test_search_cache.py::test_cache_stats - assert 0 >= 1
FAILED tests/test_search_cache.py::test_invalidate_memory - assert False is True
FAILED tests/test_search_cache.py::test_cache_latency - assert 107.1381568908...
FAILED tests/test_search_cache.py::test_search_with_invalidation - assert 2 == 1
FAILED tests/test_services.py::test_get_balance_service - AssertionError: ass...
FAILED tests/test_services.py::test_upload_memory_service - pydantic_core._py...
FAILED tests/test_services.py::test_search_memories_service - ValueError: max...
FAILED tests/test_services.py::test_semantic_search - ValueError: max_df corr...
FAILED tests/test_services.py::test_hybrid_search - ValueError: max_df corres...
FAILED tests/test_services.py::test_update_memory_service - AttributeError: '...
FAILED tests/test_services.py::test_get_memory_detail_service - PermissionErr...
FAILED tests/test_services.py::test_get_memory_versions_service - assert 0 >= 1
FAILED tests/test_services.py::test_market_stats_update - NameError: name 'db...
FAILED tests/test_team_memory_collab.py::test_create_team_memory_visibility
FAILED tests/test_team_memory_collab.py::test_team_only_memory_visible_to_members
FAILED tests/test_team_memory_collab.py::test_create_team_memory - TypeError:...
FAILED tests/test_team_memory_collab.py::test_get_team_memories - pydantic_co...
FAILED tests/test_team_memory_collab.py::test_get_team_memory_detail - TypeEr...
FAILED tests/test_team_memory_collab.py::test_update_team_memory_admin - Type...
FAILED tests/test_team_memory_collab.py::test_member_cannot_update_memory - T...
FAILED tests/test_team_memory_collab.py::test_delete_team_memory - TypeError:...
FAILED tests/test_team_memory_collab.py::test_purchase_with_team_credits - As...
FAILED tests/test_team_memory_collab.py::test_cannot_purchase_team_own_memory
FAILED tests/test_team_memory_collab.py::test_team_insufficient_credits - Nam...
FAILED tests/test_team_memory_collab.py::test_non_member_cannot_access_team_memory
ERROR tests/test_advanced_permissions.py::TestPolicyService::test_create_policy
ERROR tests/test_advanced_permissions.py::TestPolicyService::test_create_policy_invalid_document
ERROR tests/test_advanced_permissions.py::TestPolicyService::test_get_policy
ERROR tests/test_advanced_permissions.py::TestPolicyService::test_list_policies
ERROR tests/test_advanced_permissions.py::TestPolicyService::test_update_policy
ERROR tests/test_advanced_permissions.py::TestPolicyService::test_delete_policy
ERROR tests/test_advanced_permissions.py::TestPolicyService::test_delete_system_policy
ERROR tests/test_advanced_permissions.py::TestPolicyService::test_attach_and_detach_policy
ERROR tests/test_advanced_permissions.py::TestPolicyService::test_version_management
ERROR tests/test_advanced_permissions.py::TestPolicyService::test_check_permission_with_policy
ERROR tests/test_advanced_permissions.py::TestPolicyService::test_conditional_policy_check
ERROR tests/test_advanced_permissions.py::TestPolicyService::test_deny_overrides_allow_in_service
ERROR tests/test_advanced_permissions.py::TestRBACService::test_get_effective_permissions
ERROR tests/test_advanced_permissions.py::TestRBACService::test_deny_priority
ERROR tests/test_advanced_permissions.py::TestRBACService::test_role_hierarchy
ERROR tests/test_advanced_permissions.py::TestRBACService::test_condition_evaluation
ERROR tests/test_advanced_permissions.py::TestAuditService::test_log_and_query
ERROR tests/test_advanced_permissions.py::TestAuditService::test_generate_report
ERROR tests/test_advanced_permissions.py::TestAuditService::test_log_permission_change
ERROR tests/test_advanced_permissions.py::TestPolicyVersionCleanup::test_version_cleanup
ERROR tests/test_advanced_permissions.py::TestIntegration::test_full_policy_lifecycle
ERROR tests/test_advanced_permissions.py::TestIntegration::test_policy_with_resource_permissions
ERROR tests/test_anomaly_detection.py::test_remote_login_rule
ERROR tests/test_anomaly_detection.py::test_frequent_failed_login_rule
ERROR tests/test_anomaly_detection.py::test_large_amount_transaction_rule
ERROR tests/test_anomaly_detection.py::test_sensitive_word_query_rule
ERROR tests/test_anomaly_detection.py::test_anomaly_detection_service_check_event
ERROR tests/test_anomaly_detection.py::test_anomaly_detection_service_create_events
ERROR tests/test_anomaly_detection.py::test_anomaly_detection_service_confirm_anomaly
ERROR tests/test_anomaly_detection.py::test_anomaly_detection_service_get_stats
ERROR tests/test_anomaly_detection.py::test_alerting_service_create_alerts
ERROR tests/test_anomaly_detection.py::test_alerting_service_acknowledge_alert
ERROR tests/test_anomaly_detection.py::test_alerting_service_get_stats
ERROR tests/test_anomaly_detection.py::test_end_to_end_anomaly_detection
ERROR tests/test_anomaly_detection.py::test_accuracy_calculation
ERROR tests/test_anomaly_detection.py::test_anomaly_type_coverage[login]
ERROR tests/test_anomaly_detection.py::test_anomaly_type_coverage[transaction]
ERROR tests/test_anomaly_detection.py::test_anomaly_type_coverage[query]
ERROR tests/test_anomaly_detection.py::test_anomaly_type_coverage[behavior]
ERROR tests/test_anomaly_detection.py::test_anomaly_type_coverage[system]
ERROR tests/test_audit_logs.py::test_create_audit_log
ERROR tests/test_audit_logs.py::test_audit_log_filtering
ERROR tests/test_audit_logs.py::test_export_service_count_records
ERROR tests/test_audit_logs.py::test_export_create_export_task
ERROR tests/test_audit_logs.py::test_export_csv
ERROR tests/test_audit_logs.py::test_retention_cleanup
ERROR tests/test_audit_logs.py::test_retention_stats
ERROR tests/test_digital_signature.py::TestAuditSignatureMiddleware::test_sign_audit_log
ERROR tests/test_digital_signature.py::TestAuditSignatureMiddleware::test_verify_audit_log
ERROR tests/test_digital_signature.py::TestAuditSignatureMiddleware::test_detect_tampering
ERROR tests/test_digital_signature.py::TestAuditSignatureMiddleware::test_multiple_logs_signature_coverage
ERROR tests/test_digital_signature.py::TestEndToEndSigningWorkflow::test_complete_signing_workflow
ERROR tests/test_permissions.py::test_has_permission_success
ERROR tests/test_permissions.py::test_has_permission_deny
ERROR tests/test_permissions.py::test_has_permission_not_found
ERROR tests/test_permissions.py::test_grant_permission
ERROR tests/test_permissions.py::test_grant_permission_with_scope
ERROR tests/test_permissions.py::test_revoke_permission
ERROR tests/test_permissions.py::test_grant_resource_permission
ERROR tests/test_permissions.py::test_check_resource_permission
ERROR tests/test_permissions.py::test_revoke_resource_permission
ERROR tests/test_permissions.py::test_permission_expiration
ERROR tests/test_permissions.py::test_get_user_permissions
ERROR tests/test_permissions.py::test_permission_audit_log
ERROR tests/test_permissions.py::test_permission_check_performance
ERROR tests/test_permissions.py::test_permission_scope_check
ERROR tests/test_permissions.py::test_bulk_permission_operations
ERROR tests/test_search_analytics.py::test_search_log_creation
ERROR tests/test_search_analytics.py::test_search_click_creation
ERROR tests/test_search_analytics.py::test_search_trends_empty
ERROR tests/test_search_analytics.py::test_search_trends_with_data
ERROR tests/test_search_analytics.py::test_search_quality_metrics
ERROR tests/test_search_analytics.py::test_search_performance_stats
ERROR tests/test_search_analytics.py::test_zero_results_queries
ERROR tests/test_search_analytics.py::test_user_search_behavior
ERROR tests/test_search_analytics.py::test_ab_test_creation
ERROR tests/test_search_analytics.py::test_ab_test_user_grouping
ERROR tests/test_search_analytics.py::test_ab_test_group_config
ERROR tests/test_search_analytics.py::test_ab_test_collect_results
ERROR tests/test_user_profiles.py::TestProfileExtraction::test_rule_based_extraction
ERROR tests/test_user_profiles.py::TestProfileExtraction::test_extract_from_conversation
ERROR tests/test_user_profiles.py::TestUserProfileService::test_create_profile
ERROR tests/test_user_profiles.py::TestUserProfileService::test_get_profile
ERROR tests/test_user_profiles.py::TestUserProfileService::test_add_fact
ERROR tests/test_user_profiles.py::TestUserProfileService::test_get_facts
ERROR tests/test_user_profiles.py::TestUserProfileService::test_delete_fact
ERROR tests/test_user_profiles.py::TestUserProfileService::test_get_changes
ERROR tests/test_user_profiles.py::TestUserProfileService::test_dynamic_context
ERROR tests/test_user_profiles.py::TestUserProfileService::test_profile_completeness
ERROR tests/test_user_profiles.py::TestProfileAPI::test_get_my_profile
ERROR tests/test_user_profiles.py::TestProfileAPI::test_update_my_profile
ERROR tests/test_user_profiles.py::TestProfileAPI::test_add_fact_api
ERROR tests/test_user_profiles.py::TestSearchIntegration::test_personalized_search
===== 110 failed, 416 passed, 2 skipped, 240 warnings, 93 errors in 19.33s =====
